[11:21:17:395] [DEBUG] - org.hibernate.validator.messageinterpolation.ResourceBundleMessageInterpolator.buildExpressionFactory(ResourceBundleMessageInterpolator.java:89) - Loaded expression factory via original TCCL
[11:21:17:428] [DEBUG] - org.hibernate.validator.internal.engine.ValidatorFactoryImpl.logValidatorFactoryScopedConfiguration(ValidatorFactoryImpl.java:578) - HV000234: Using org.hibernate.validator.messageinterpolation.ResourceBundleMessageInterpolator as ValidatorFactory-scoped message interpolator.
[11:21:17:429] [DEBUG] - org.hibernate.validator.internal.engine.ValidatorFactoryImpl.logValidatorFactoryScopedConfiguration(ValidatorFactoryImpl.java:579) - HV000234: Using org.hibernate.validator.internal.engine.resolver.TraverseAllTraversableResolver as ValidatorFactory-scoped traversable resolver.
[11:21:17:429] [DEBUG] - org.hibernate.validator.internal.engine.ValidatorFactoryImpl.logValidatorFactoryScopedConfiguration(ValidatorFactoryImpl.java:580) - HV000234: Using org.hibernate.validator.internal.util.ExecutableParameterNameProvider as ValidatorFactory-scoped parameter name provider.
[11:21:17:430] [DEBUG] - org.hibernate.validator.internal.engine.ValidatorFactoryImpl.logValidatorFactoryScopedConfiguration(ValidatorFactoryImpl.java:581) - HV000234: Using org.hibernate.validator.internal.engine.DefaultClockProvider as ValidatorFactory-scoped clock provider.
[11:21:17:430] [DEBUG] - org.hibernate.validator.internal.engine.ValidatorFactoryImpl.logValidatorFactoryScopedConfiguration(ValidatorFactoryImpl.java:582) - HV000234: Using org.hibernate.validator.internal.engine.scripting.DefaultScriptEvaluatorFactory as ValidatorFactory-scoped script evaluator factory.
[11:21:17:476] [DEBUG] - org.springframework.boot.StartupInfoLogger.logStarting(StartupInfoLogger.java:53) - Running with Spring Boot v2.0.2.RELEASE, Spring v5.0.6.RELEASE
[11:21:19:516] [DEBUG] - org.hibernate.validator.internal.engine.resolver.TraversableResolvers.getDefault(TraversableResolvers.java:60) - Cannot find javax.persistence.Persistence on classpath. Assuming non JPA 2 environment. All properties will per default be traversable.
[11:21:19:517] [DEBUG] - org.hibernate.validator.messageinterpolation.ResourceBundleMessageInterpolator.buildExpressionFactory(ResourceBundleMessageInterpolator.java:89) - Loaded expression factory via original TCCL
[11:21:19:524] [DEBUG] - org.hibernate.validator.internal.engine.resolver.TraversableResolvers.getDefault(TraversableResolvers.java:60) - Cannot find javax.persistence.Persistence on classpath. Assuming non JPA 2 environment. All properties will per default be traversable.
[11:21:19:526] [DEBUG] - org.hibernate.validator.internal.engine.ConfigurationImpl.messageInterpolator(ConfigurationImpl.java:148) - Setting custom MessageInterpolator of type org.springframework.validation.beanvalidation.LocaleContextMessageInterpolator
[11:21:19:526] [DEBUG] - org.hibernate.validator.internal.engine.ConfigurationImpl.constraintValidatorFactory(ConfigurationImpl.java:180) - Setting custom ConstraintValidatorFactory of type org.springframework.validation.beanvalidation.SpringConstraintValidatorFactory
[11:21:19:527] [DEBUG] - org.hibernate.validator.internal.engine.ConfigurationImpl.parameterNameProvider(ConfigurationImpl.java:194) - Setting custom ParameterNameProvider of type org.springframework.validation.beanvalidation.LocalValidatorFactoryBean$1
[11:21:19:528] [DEBUG] - org.hibernate.validator.internal.xml.ValidationXmlParser.getValidationXmlInputStream(ValidationXmlParser.java:133) - Trying to load META-INF/validation.xml for XML based Validator configuration.
[11:21:19:529] [DEBUG] - org.hibernate.validator.internal.xml.ResourceLoaderHelper.getResettableInputStreamForPath(ResourceLoaderHelper.java:53) - Trying to load META-INF/validation.xml via user class loader
[11:21:19:529] [DEBUG] - org.hibernate.validator.internal.xml.ResourceLoaderHelper.getResettableInputStreamForPath(ResourceLoaderHelper.java:60) - Trying to load META-INF/validation.xml via TCCL
[11:21:19:529] [DEBUG] - org.hibernate.validator.internal.xml.ResourceLoaderHelper.getResettableInputStreamForPath(ResourceLoaderHelper.java:66) - Trying to load META-INF/validation.xml via Hibernate Validator's class loader
[11:21:19:530] [DEBUG] - org.hibernate.validator.internal.xml.ValidationXmlParser.getValidationXmlInputStream(ValidationXmlParser.java:140) - No META-INF/validation.xml found. Using annotation based configuration only.
[11:21:19:534] [DEBUG] - org.hibernate.validator.internal.engine.ValidatorFactoryImpl.logValidatorFactoryScopedConfiguration(ValidatorFactoryImpl.java:578) - HV000234: Using org.springframework.validation.beanvalidation.LocaleContextMessageInterpolator as ValidatorFactory-scoped message interpolator.
[11:21:19:534] [DEBUG] - org.hibernate.validator.internal.engine.ValidatorFactoryImpl.logValidatorFactoryScopedConfiguration(ValidatorFactoryImpl.java:579) - HV000234: Using org.hibernate.validator.internal.engine.resolver.TraverseAllTraversableResolver as ValidatorFactory-scoped traversable resolver.
[11:21:19:534] [DEBUG] - org.hibernate.validator.internal.engine.ValidatorFactoryImpl.logValidatorFactoryScopedConfiguration(ValidatorFactoryImpl.java:580) - HV000234: Using org.hibernate.validator.internal.util.ExecutableParameterNameProvider as ValidatorFactory-scoped parameter name provider.
[11:21:19:534] [DEBUG] - org.hibernate.validator.internal.engine.ValidatorFactoryImpl.logValidatorFactoryScopedConfiguration(ValidatorFactoryImpl.java:581) - HV000234: Using org.hibernate.validator.internal.engine.DefaultClockProvider as ValidatorFactory-scoped clock provider.
[11:21:19:535] [DEBUG] - org.hibernate.validator.internal.engine.ValidatorFactoryImpl.logValidatorFactoryScopedConfiguration(ValidatorFactoryImpl.java:582) - HV000234: Using org.hibernate.validator.internal.engine.scripting.DefaultScriptEvaluatorFactory as ValidatorFactory-scoped script evaluator factory.
[11:23:12:478] [DEBUG] - org.hibernate.validator.messageinterpolation.ResourceBundleMessageInterpolator.buildExpressionFactory(ResourceBundleMessageInterpolator.java:89) - Loaded expression factory via original TCCL
[11:23:12:492] [DEBUG] - org.hibernate.validator.internal.engine.ValidatorFactoryImpl.logValidatorFactoryScopedConfiguration(ValidatorFactoryImpl.java:578) - HV000234: Using org.hibernate.validator.messageinterpolation.ResourceBundleMessageInterpolator as ValidatorFactory-scoped message interpolator.
[11:23:12:492] [DEBUG] - org.hibernate.validator.internal.engine.ValidatorFactoryImpl.logValidatorFactoryScopedConfiguration(ValidatorFactoryImpl.java:579) - HV000234: Using org.hibernate.validator.internal.engine.resolver.TraverseAllTraversableResolver as ValidatorFactory-scoped traversable resolver.
[11:23:12:492] [DEBUG] - org.hibernate.validator.internal.engine.ValidatorFactoryImpl.logValidatorFactoryScopedConfiguration(ValidatorFactoryImpl.java:580) - HV000234: Using org.hibernate.validator.internal.util.ExecutableParameterNameProvider as ValidatorFactory-scoped parameter name provider.
[11:23:12:493] [DEBUG] - org.hibernate.validator.internal.engine.ValidatorFactoryImpl.logValidatorFactoryScopedConfiguration(ValidatorFactoryImpl.java:581) - HV000234: Using org.hibernate.validator.internal.engine.DefaultClockProvider as ValidatorFactory-scoped clock provider.
[11:23:12:493] [DEBUG] - org.hibernate.validator.internal.engine.ValidatorFactoryImpl.logValidatorFactoryScopedConfiguration(ValidatorFactoryImpl.java:582) - HV000234: Using org.hibernate.validator.internal.engine.scripting.DefaultScriptEvaluatorFactory as ValidatorFactory-scoped script evaluator factory.
[11:23:12:721] [DEBUG] - org.springframework.boot.StartupInfoLogger.logStarting(StartupInfoLogger.java:53) - Running with Spring Boot v2.0.2.RELEASE, Spring v5.0.6.RELEASE
[11:23:14:582] [DEBUG] - org.hibernate.validator.internal.engine.resolver.TraversableResolvers.getDefault(TraversableResolvers.java:60) - Cannot find javax.persistence.Persistence on classpath. Assuming non JPA 2 environment. All properties will per default be traversable.
[11:23:14:583] [DEBUG] - org.hibernate.validator.messageinterpolation.ResourceBundleMessageInterpolator.buildExpressionFactory(ResourceBundleMessageInterpolator.java:89) - Loaded expression factory via original TCCL
[11:23:14:595] [DEBUG] - org.hibernate.validator.internal.engine.resolver.TraversableResolvers.getDefault(TraversableResolvers.java:60) - Cannot find javax.persistence.Persistence on classpath. Assuming non JPA 2 environment. All properties will per default be traversable.
[11:23:14:597] [DEBUG] - org.hibernate.validator.internal.engine.ConfigurationImpl.messageInterpolator(ConfigurationImpl.java:148) - Setting custom MessageInterpolator of type org.springframework.validation.beanvalidation.LocaleContextMessageInterpolator
[11:23:14:598] [DEBUG] - org.hibernate.validator.internal.engine.ConfigurationImpl.constraintValidatorFactory(ConfigurationImpl.java:180) - Setting custom ConstraintValidatorFactory of type org.springframework.validation.beanvalidation.SpringConstraintValidatorFactory
[11:23:14:599] [DEBUG] - org.hibernate.validator.internal.engine.ConfigurationImpl.parameterNameProvider(ConfigurationImpl.java:194) - Setting custom ParameterNameProvider of type org.springframework.validation.beanvalidation.LocalValidatorFactoryBean$1
[11:23:14:600] [DEBUG] - org.hibernate.validator.internal.xml.ValidationXmlParser.getValidationXmlInputStream(ValidationXmlParser.java:133) - Trying to load META-INF/validation.xml for XML based Validator configuration.
[11:23:14:601] [DEBUG] - org.hibernate.validator.internal.xml.ResourceLoaderHelper.getResettableInputStreamForPath(ResourceLoaderHelper.java:53) - Trying to load META-INF/validation.xml via user class loader
[11:23:14:601] [DEBUG] - org.hibernate.validator.internal.xml.ResourceLoaderHelper.getResettableInputStreamForPath(ResourceLoaderHelper.java:60) - Trying to load META-INF/validation.xml via TCCL
[11:23:14:602] [DEBUG] - org.hibernate.validator.internal.xml.ResourceLoaderHelper.getResettableInputStreamForPath(ResourceLoaderHelper.java:66) - Trying to load META-INF/validation.xml via Hibernate Validator's class loader
[11:23:14:602] [DEBUG] - org.hibernate.validator.internal.xml.ValidationXmlParser.getValidationXmlInputStream(ValidationXmlParser.java:140) - No META-INF/validation.xml found. Using annotation based configuration only.
[11:23:14:607] [DEBUG] - org.hibernate.validator.internal.engine.ValidatorFactoryImpl.logValidatorFactoryScopedConfiguration(ValidatorFactoryImpl.java:578) - HV000234: Using org.springframework.validation.beanvalidation.LocaleContextMessageInterpolator as ValidatorFactory-scoped message interpolator.
[11:23:14:607] [DEBUG] - org.hibernate.validator.internal.engine.ValidatorFactoryImpl.logValidatorFactoryScopedConfiguration(ValidatorFactoryImpl.java:579) - HV000234: Using org.hibernate.validator.internal.engine.resolver.TraverseAllTraversableResolver as ValidatorFactory-scoped traversable resolver.
[11:23:14:607] [DEBUG] - org.hibernate.validator.internal.engine.ValidatorFactoryImpl.logValidatorFactoryScopedConfiguration(ValidatorFactoryImpl.java:580) - HV000234: Using org.hibernate.validator.internal.util.ExecutableParameterNameProvider as ValidatorFactory-scoped parameter name provider.
[11:23:14:608] [DEBUG] - org.hibernate.validator.internal.engine.ValidatorFactoryImpl.logValidatorFactoryScopedConfiguration(ValidatorFactoryImpl.java:581) - HV000234: Using org.hibernate.validator.internal.engine.DefaultClockProvider as ValidatorFactory-scoped clock provider.
[11:23:14:608] [DEBUG] - org.hibernate.validator.internal.engine.ValidatorFactoryImpl.logValidatorFactoryScopedConfiguration(ValidatorFactoryImpl.java:582) - HV000234: Using org.hibernate.validator.internal.engine.scripting.DefaultScriptEvaluatorFactory as ValidatorFactory-scoped script evaluator factory.
[11:23:31:675] [DEBUG] - org.hibernate.validator.messageinterpolation.ResourceBundleMessageInterpolator.buildExpressionFactory(ResourceBundleMessageInterpolator.java:89) - Loaded expression factory via original TCCL
[11:23:31:688] [DEBUG] - org.hibernate.validator.internal.engine.ValidatorFactoryImpl.logValidatorFactoryScopedConfiguration(ValidatorFactoryImpl.java:578) - HV000234: Using org.hibernate.validator.messageinterpolation.ResourceBundleMessageInterpolator as ValidatorFactory-scoped message interpolator.
[11:23:31:689] [DEBUG] - org.hibernate.validator.internal.engine.ValidatorFactoryImpl.logValidatorFactoryScopedConfiguration(ValidatorFactoryImpl.java:579) - HV000234: Using org.hibernate.validator.internal.engine.resolver.TraverseAllTraversableResolver as ValidatorFactory-scoped traversable resolver.
[11:23:31:689] [DEBUG] - org.hibernate.validator.internal.engine.ValidatorFactoryImpl.logValidatorFactoryScopedConfiguration(ValidatorFactoryImpl.java:580) - HV000234: Using org.hibernate.validator.internal.util.ExecutableParameterNameProvider as ValidatorFactory-scoped parameter name provider.
[11:23:31:690] [DEBUG] - org.hibernate.validator.internal.engine.ValidatorFactoryImpl.logValidatorFactoryScopedConfiguration(ValidatorFactoryImpl.java:581) - HV000234: Using org.hibernate.validator.internal.engine.DefaultClockProvider as ValidatorFactory-scoped clock provider.
[11:23:31:690] [DEBUG] - org.hibernate.validator.internal.engine.ValidatorFactoryImpl.logValidatorFactoryScopedConfiguration(ValidatorFactoryImpl.java:582) - HV000234: Using org.hibernate.validator.internal.engine.scripting.DefaultScriptEvaluatorFactory as ValidatorFactory-scoped script evaluator factory.
[11:23:31:818] [DEBUG] - org.springframework.boot.StartupInfoLogger.logStarting(StartupInfoLogger.java:53) - Running with Spring Boot v2.0.2.RELEASE, Spring v5.0.6.RELEASE
[11:23:33:304] [DEBUG] - org.hibernate.validator.internal.engine.resolver.TraversableResolvers.getDefault(TraversableResolvers.java:60) - Cannot find javax.persistence.Persistence on classpath. Assuming non JPA 2 environment. All properties will per default be traversable.
[11:23:33:304] [DEBUG] - org.hibernate.validator.messageinterpolation.ResourceBundleMessageInterpolator.buildExpressionFactory(ResourceBundleMessageInterpolator.java:89) - Loaded expression factory via original TCCL
[11:23:33:312] [DEBUG] - org.hibernate.validator.internal.engine.resolver.TraversableResolvers.getDefault(TraversableResolvers.java:60) - Cannot find javax.persistence.Persistence on classpath. Assuming non JPA 2 environment. All properties will per default be traversable.
[11:23:33:313] [DEBUG] - org.hibernate.validator.internal.engine.ConfigurationImpl.messageInterpolator(ConfigurationImpl.java:148) - Setting custom MessageInterpolator of type org.springframework.validation.beanvalidation.LocaleContextMessageInterpolator
[11:23:33:314] [DEBUG] - org.hibernate.validator.internal.engine.ConfigurationImpl.constraintValidatorFactory(ConfigurationImpl.java:180) - Setting custom ConstraintValidatorFactory of type org.springframework.validation.beanvalidation.SpringConstraintValidatorFactory
[11:23:33:315] [DEBUG] - org.hibernate.validator.internal.engine.ConfigurationImpl.parameterNameProvider(ConfigurationImpl.java:194) - Setting custom ParameterNameProvider of type org.springframework.validation.beanvalidation.LocalValidatorFactoryBean$1
[11:23:33:316] [DEBUG] - org.hibernate.validator.internal.xml.ValidationXmlParser.getValidationXmlInputStream(ValidationXmlParser.java:133) - Trying to load META-INF/validation.xml for XML based Validator configuration.
[11:23:33:316] [DEBUG] - org.hibernate.validator.internal.xml.ResourceLoaderHelper.getResettableInputStreamForPath(ResourceLoaderHelper.java:53) - Trying to load META-INF/validation.xml via user class loader
[11:23:33:317] [DEBUG] - org.hibernate.validator.internal.xml.ResourceLoaderHelper.getResettableInputStreamForPath(ResourceLoaderHelper.java:60) - Trying to load META-INF/validation.xml via TCCL
[11:23:33:317] [DEBUG] - org.hibernate.validator.internal.xml.ResourceLoaderHelper.getResettableInputStreamForPath(ResourceLoaderHelper.java:66) - Trying to load META-INF/validation.xml via Hibernate Validator's class loader
[11:23:33:317] [DEBUG] - org.hibernate.validator.internal.xml.ValidationXmlParser.getValidationXmlInputStream(ValidationXmlParser.java:140) - No META-INF/validation.xml found. Using annotation based configuration only.
[11:23:33:321] [DEBUG] - org.hibernate.validator.internal.engine.ValidatorFactoryImpl.logValidatorFactoryScopedConfiguration(ValidatorFactoryImpl.java:578) - HV000234: Using org.springframework.validation.beanvalidation.LocaleContextMessageInterpolator as ValidatorFactory-scoped message interpolator.
[11:23:33:322] [DEBUG] - org.hibernate.validator.internal.engine.ValidatorFactoryImpl.logValidatorFactoryScopedConfiguration(ValidatorFactoryImpl.java:579) - HV000234: Using org.hibernate.validator.internal.engine.resolver.TraverseAllTraversableResolver as ValidatorFactory-scoped traversable resolver.
[11:23:33:322] [DEBUG] - org.hibernate.validator.internal.engine.ValidatorFactoryImpl.logValidatorFactoryScopedConfiguration(ValidatorFactoryImpl.java:580) - HV000234: Using org.hibernate.validator.internal.util.ExecutableParameterNameProvider as ValidatorFactory-scoped parameter name provider.
[11:23:33:322] [DEBUG] - org.hibernate.validator.internal.engine.ValidatorFactoryImpl.logValidatorFactoryScopedConfiguration(ValidatorFactoryImpl.java:581) - HV000234: Using org.hibernate.validator.internal.engine.DefaultClockProvider as ValidatorFactory-scoped clock provider.
[11:23:33:322] [DEBUG] - org.hibernate.validator.internal.engine.ValidatorFactoryImpl.logValidatorFactoryScopedConfiguration(ValidatorFactoryImpl.java:582) - HV000234: Using org.hibernate.validator.internal.engine.scripting.DefaultScriptEvaluatorFactory as ValidatorFactory-scoped script evaluator factory.
[11:30:43:118] [DEBUG] - org.hibernate.validator.messageinterpolation.ResourceBundleMessageInterpolator.buildExpressionFactory(ResourceBundleMessageInterpolator.java:89) - Loaded expression factory via original TCCL
[11:30:43:132] [DEBUG] - org.hibernate.validator.internal.engine.ValidatorFactoryImpl.logValidatorFactoryScopedConfiguration(ValidatorFactoryImpl.java:578) - HV000234: Using org.hibernate.validator.messageinterpolation.ResourceBundleMessageInterpolator as ValidatorFactory-scoped message interpolator.
[11:30:43:132] [DEBUG] - org.hibernate.validator.internal.engine.ValidatorFactoryImpl.logValidatorFactoryScopedConfiguration(ValidatorFactoryImpl.java:579) - HV000234: Using org.hibernate.validator.internal.engine.resolver.TraverseAllTraversableResolver as ValidatorFactory-scoped traversable resolver.
[11:30:43:133] [DEBUG] - org.hibernate.validator.internal.engine.ValidatorFactoryImpl.logValidatorFactoryScopedConfiguration(ValidatorFactoryImpl.java:580) - HV000234: Using org.hibernate.validator.internal.util.ExecutableParameterNameProvider as ValidatorFactory-scoped parameter name provider.
[11:30:43:133] [DEBUG] - org.hibernate.validator.internal.engine.ValidatorFactoryImpl.logValidatorFactoryScopedConfiguration(ValidatorFactoryImpl.java:581) - HV000234: Using org.hibernate.validator.internal.engine.DefaultClockProvider as ValidatorFactory-scoped clock provider.
[11:30:43:133] [DEBUG] - org.hibernate.validator.internal.engine.ValidatorFactoryImpl.logValidatorFactoryScopedConfiguration(ValidatorFactoryImpl.java:582) - HV000234: Using org.hibernate.validator.internal.engine.scripting.DefaultScriptEvaluatorFactory as ValidatorFactory-scoped script evaluator factory.
[11:30:43:249] [DEBUG] - org.springframework.boot.StartupInfoLogger.logStarting(StartupInfoLogger.java:53) - Running with Spring Boot v2.0.2.RELEASE, Spring v5.0.6.RELEASE
[11:30:44:771] [DEBUG] - org.hibernate.validator.internal.engine.resolver.TraversableResolvers.getDefault(TraversableResolvers.java:60) - Cannot find javax.persistence.Persistence on classpath. Assuming non JPA 2 environment. All properties will per default be traversable.
[11:30:44:771] [DEBUG] - org.hibernate.validator.messageinterpolation.ResourceBundleMessageInterpolator.buildExpressionFactory(ResourceBundleMessageInterpolator.java:89) - Loaded expression factory via original TCCL
[11:30:44:779] [DEBUG] - org.hibernate.validator.internal.engine.resolver.TraversableResolvers.getDefault(TraversableResolvers.java:60) - Cannot find javax.persistence.Persistence on classpath. Assuming non JPA 2 environment. All properties will per default be traversable.
[11:30:44:780] [DEBUG] - org.hibernate.validator.internal.engine.ConfigurationImpl.messageInterpolator(ConfigurationImpl.java:148) - Setting custom MessageInterpolator of type org.springframework.validation.beanvalidation.LocaleContextMessageInterpolator
[11:30:44:781] [DEBUG] - org.hibernate.validator.internal.engine.ConfigurationImpl.constraintValidatorFactory(ConfigurationImpl.java:180) - Setting custom ConstraintValidatorFactory of type org.springframework.validation.beanvalidation.SpringConstraintValidatorFactory
[11:30:44:782] [DEBUG] - org.hibernate.validator.internal.engine.ConfigurationImpl.parameterNameProvider(ConfigurationImpl.java:194) - Setting custom ParameterNameProvider of type org.springframework.validation.beanvalidation.LocalValidatorFactoryBean$1
[11:30:44:783] [DEBUG] - org.hibernate.validator.internal.xml.ValidationXmlParser.getValidationXmlInputStream(ValidationXmlParser.java:133) - Trying to load META-INF/validation.xml for XML based Validator configuration.
[11:30:44:783] [DEBUG] - org.hibernate.validator.internal.xml.ResourceLoaderHelper.getResettableInputStreamForPath(ResourceLoaderHelper.java:53) - Trying to load META-INF/validation.xml via user class loader
[11:30:44:784] [DEBUG] - org.hibernate.validator.internal.xml.ResourceLoaderHelper.getResettableInputStreamForPath(ResourceLoaderHelper.java:60) - Trying to load META-INF/validation.xml via TCCL
[11:30:44:784] [DEBUG] - org.hibernate.validator.internal.xml.ResourceLoaderHelper.getResettableInputStreamForPath(ResourceLoaderHelper.java:66) - Trying to load META-INF/validation.xml via Hibernate Validator's class loader
[11:30:44:784] [DEBUG] - org.hibernate.validator.internal.xml.ValidationXmlParser.getValidationXmlInputStream(ValidationXmlParser.java:140) - No META-INF/validation.xml found. Using annotation based configuration only.
[11:30:44:789] [DEBUG] - org.hibernate.validator.internal.engine.ValidatorFactoryImpl.logValidatorFactoryScopedConfiguration(ValidatorFactoryImpl.java:578) - HV000234: Using org.springframework.validation.beanvalidation.LocaleContextMessageInterpolator as ValidatorFactory-scoped message interpolator.
[11:30:44:789] [DEBUG] - org.hibernate.validator.internal.engine.ValidatorFactoryImpl.logValidatorFactoryScopedConfiguration(ValidatorFactoryImpl.java:579) - HV000234: Using org.hibernate.validator.internal.engine.resolver.TraverseAllTraversableResolver as ValidatorFactory-scoped traversable resolver.
[11:30:44:789] [DEBUG] - org.hibernate.validator.internal.engine.ValidatorFactoryImpl.logValidatorFactoryScopedConfiguration(ValidatorFactoryImpl.java:580) - HV000234: Using org.hibernate.validator.internal.util.ExecutableParameterNameProvider as ValidatorFactory-scoped parameter name provider.
[11:30:44:790] [DEBUG] - org.hibernate.validator.internal.engine.ValidatorFactoryImpl.logValidatorFactoryScopedConfiguration(ValidatorFactoryImpl.java:581) - HV000234: Using org.hibernate.validator.internal.engine.DefaultClockProvider as ValidatorFactory-scoped clock provider.
[11:30:44:790] [DEBUG] - org.hibernate.validator.internal.engine.ValidatorFactoryImpl.logValidatorFactoryScopedConfiguration(ValidatorFactoryImpl.java:582) - HV000234: Using org.hibernate.validator.internal.engine.scripting.DefaultScriptEvaluatorFactory as ValidatorFactory-scoped script evaluator factory.
[16:10:29:074] [DEBUG] - org.hibernate.validator.messageinterpolation.ResourceBundleMessageInterpolator.buildExpressionFactory(ResourceBundleMessageInterpolator.java:89) - Loaded expression factory via original TCCL
[16:10:29:089] [DEBUG] - org.hibernate.validator.internal.engine.ValidatorFactoryImpl.logValidatorFactoryScopedConfiguration(ValidatorFactoryImpl.java:578) - HV000234: Using org.hibernate.validator.messageinterpolation.ResourceBundleMessageInterpolator as ValidatorFactory-scoped message interpolator.
[16:10:29:090] [DEBUG] - org.hibernate.validator.internal.engine.ValidatorFactoryImpl.logValidatorFactoryScopedConfiguration(ValidatorFactoryImpl.java:579) - HV000234: Using org.hibernate.validator.internal.engine.resolver.TraverseAllTraversableResolver as ValidatorFactory-scoped traversable resolver.
[16:10:29:091] [DEBUG] - org.hibernate.validator.internal.engine.ValidatorFactoryImpl.logValidatorFactoryScopedConfiguration(ValidatorFactoryImpl.java:580) - HV000234: Using org.hibernate.validator.internal.util.ExecutableParameterNameProvider as ValidatorFactory-scoped parameter name provider.
[16:10:29:091] [DEBUG] - org.hibernate.validator.internal.engine.ValidatorFactoryImpl.logValidatorFactoryScopedConfiguration(ValidatorFactoryImpl.java:581) - HV000234: Using org.hibernate.validator.internal.engine.DefaultClockProvider as ValidatorFactory-scoped clock provider.
[16:10:29:091] [DEBUG] - org.hibernate.validator.internal.engine.ValidatorFactoryImpl.logValidatorFactoryScopedConfiguration(ValidatorFactoryImpl.java:582) - HV000234: Using org.hibernate.validator.internal.engine.scripting.DefaultScriptEvaluatorFactory as ValidatorFactory-scoped script evaluator factory.
[16:10:29:153] [DEBUG] - org.springframework.boot.StartupInfoLogger.logStarting(StartupInfoLogger.java:53) - Running with Spring Boot v2.0.2.RELEASE, Spring v5.0.6.RELEASE
[16:10:30:795] [DEBUG] - org.hibernate.validator.internal.engine.resolver.TraversableResolvers.getDefault(TraversableResolvers.java:60) - Cannot find javax.persistence.Persistence on classpath. Assuming non JPA 2 environment. All properties will per default be traversable.
[16:10:30:795] [DEBUG] - org.hibernate.validator.messageinterpolation.ResourceBundleMessageInterpolator.buildExpressionFactory(ResourceBundleMessageInterpolator.java:89) - Loaded expression factory via original TCCL
[16:10:30:802] [DEBUG] - org.hibernate.validator.internal.engine.resolver.TraversableResolvers.getDefault(TraversableResolvers.java:60) - Cannot find javax.persistence.Persistence on classpath. Assuming non JPA 2 environment. All properties will per default be traversable.
[16:10:30:803] [DEBUG] - org.hibernate.validator.internal.engine.ConfigurationImpl.messageInterpolator(ConfigurationImpl.java:148) - Setting custom MessageInterpolator of type org.springframework.validation.beanvalidation.LocaleContextMessageInterpolator
[16:10:30:804] [DEBUG] - org.hibernate.validator.internal.engine.ConfigurationImpl.constraintValidatorFactory(ConfigurationImpl.java:180) - Setting custom ConstraintValidatorFactory of type org.springframework.validation.beanvalidation.SpringConstraintValidatorFactory
[16:10:30:804] [DEBUG] - org.hibernate.validator.internal.engine.ConfigurationImpl.parameterNameProvider(ConfigurationImpl.java:194) - Setting custom ParameterNameProvider of type org.springframework.validation.beanvalidation.LocalValidatorFactoryBean$1
[16:10:30:805] [DEBUG] - org.hibernate.validator.internal.xml.ValidationXmlParser.getValidationXmlInputStream(ValidationXmlParser.java:133) - Trying to load META-INF/validation.xml for XML based Validator configuration.
[16:10:30:806] [DEBUG] - org.hibernate.validator.internal.xml.ResourceLoaderHelper.getResettableInputStreamForPath(ResourceLoaderHelper.java:53) - Trying to load META-INF/validation.xml via user class loader
[16:10:30:806] [DEBUG] - org.hibernate.validator.internal.xml.ResourceLoaderHelper.getResettableInputStreamForPath(ResourceLoaderHelper.java:60) - Trying to load META-INF/validation.xml via TCCL
[16:10:30:806] [DEBUG] - org.hibernate.validator.internal.xml.ResourceLoaderHelper.getResettableInputStreamForPath(ResourceLoaderHelper.java:66) - Trying to load META-INF/validation.xml via Hibernate Validator's class loader
[16:10:30:807] [DEBUG] - org.hibernate.validator.internal.xml.ValidationXmlParser.getValidationXmlInputStream(ValidationXmlParser.java:140) - No META-INF/validation.xml found. Using annotation based configuration only.
[16:10:30:811] [DEBUG] - org.hibernate.validator.internal.engine.ValidatorFactoryImpl.logValidatorFactoryScopedConfiguration(ValidatorFactoryImpl.java:578) - HV000234: Using org.springframework.validation.beanvalidation.LocaleContextMessageInterpolator as ValidatorFactory-scoped message interpolator.
[16:10:30:811] [DEBUG] - org.hibernate.validator.internal.engine.ValidatorFactoryImpl.logValidatorFactoryScopedConfiguration(ValidatorFactoryImpl.java:579) - HV000234: Using org.hibernate.validator.internal.engine.resolver.TraverseAllTraversableResolver as ValidatorFactory-scoped traversable resolver.
[16:10:30:811] [DEBUG] - org.hibernate.validator.internal.engine.ValidatorFactoryImpl.logValidatorFactoryScopedConfiguration(ValidatorFactoryImpl.java:580) - HV000234: Using org.hibernate.validator.internal.util.ExecutableParameterNameProvider as ValidatorFactory-scoped parameter name provider.
[16:10:30:812] [DEBUG] - org.hibernate.validator.internal.engine.ValidatorFactoryImpl.logValidatorFactoryScopedConfiguration(ValidatorFactoryImpl.java:581) - HV000234: Using org.hibernate.validator.internal.engine.DefaultClockProvider as ValidatorFactory-scoped clock provider.
[16:10:30:812] [DEBUG] - org.hibernate.validator.internal.engine.ValidatorFactoryImpl.logValidatorFactoryScopedConfiguration(ValidatorFactoryImpl.java:582) - HV000234: Using org.hibernate.validator.internal.engine.scripting.DefaultScriptEvaluatorFactory as ValidatorFactory-scoped script evaluator factory.
[16:12:07:008] [DEBUG] - org.hibernate.validator.messageinterpolation.ResourceBundleMessageInterpolator.buildExpressionFactory(ResourceBundleMessageInterpolator.java:89) - Loaded expression factory via original TCCL
[16:12:07:035] [DEBUG] - org.hibernate.validator.internal.engine.ValidatorFactoryImpl.logValidatorFactoryScopedConfiguration(ValidatorFactoryImpl.java:578) - HV000234: Using org.hibernate.validator.messageinterpolation.ResourceBundleMessageInterpolator as ValidatorFactory-scoped message interpolator.
[16:12:07:037] [DEBUG] - org.hibernate.validator.internal.engine.ValidatorFactoryImpl.logValidatorFactoryScopedConfiguration(ValidatorFactoryImpl.java:579) - HV000234: Using org.hibernate.validator.internal.engine.resolver.TraverseAllTraversableResolver as ValidatorFactory-scoped traversable resolver.
[16:12:07:038] [DEBUG] - org.hibernate.validator.internal.engine.ValidatorFactoryImpl.logValidatorFactoryScopedConfiguration(ValidatorFactoryImpl.java:580) - HV000234: Using org.hibernate.validator.internal.util.ExecutableParameterNameProvider as ValidatorFactory-scoped parameter name provider.
[16:12:07:039] [DEBUG] - org.hibernate.validator.internal.engine.ValidatorFactoryImpl.logValidatorFactoryScopedConfiguration(ValidatorFactoryImpl.java:581) - HV000234: Using org.hibernate.validator.internal.engine.DefaultClockProvider as ValidatorFactory-scoped clock provider.
[16:12:07:039] [DEBUG] - org.hibernate.validator.internal.engine.ValidatorFactoryImpl.logValidatorFactoryScopedConfiguration(ValidatorFactoryImpl.java:582) - HV000234: Using org.hibernate.validator.internal.engine.scripting.DefaultScriptEvaluatorFactory as ValidatorFactory-scoped script evaluator factory.
[16:12:07:163] [DEBUG] - org.springframework.boot.StartupInfoLogger.logStarting(StartupInfoLogger.java:53) - Running with Spring Boot v2.0.2.RELEASE, Spring v5.0.6.RELEASE
[16:12:08:470] [DEBUG] - org.hibernate.validator.internal.engine.resolver.TraversableResolvers.getDefault(TraversableResolvers.java:60) - Cannot find javax.persistence.Persistence on classpath. Assuming non JPA 2 environment. All properties will per default be traversable.
[16:12:08:471] [DEBUG] - org.hibernate.validator.messageinterpolation.ResourceBundleMessageInterpolator.buildExpressionFactory(ResourceBundleMessageInterpolator.java:89) - Loaded expression factory via original TCCL
[16:12:08:478] [DEBUG] - org.hibernate.validator.internal.engine.resolver.TraversableResolvers.getDefault(TraversableResolvers.java:60) - Cannot find javax.persistence.Persistence on classpath. Assuming non JPA 2 environment. All properties will per default be traversable.
[16:12:08:479] [DEBUG] - org.hibernate.validator.internal.engine.ConfigurationImpl.messageInterpolator(ConfigurationImpl.java:148) - Setting custom MessageInterpolator of type org.springframework.validation.beanvalidation.LocaleContextMessageInterpolator
[16:12:08:480] [DEBUG] - org.hibernate.validator.internal.engine.ConfigurationImpl.constraintValidatorFactory(ConfigurationImpl.java:180) - Setting custom ConstraintValidatorFactory of type org.springframework.validation.beanvalidation.SpringConstraintValidatorFactory
[16:12:08:481] [DEBUG] - org.hibernate.validator.internal.engine.ConfigurationImpl.parameterNameProvider(ConfigurationImpl.java:194) - Setting custom ParameterNameProvider of type org.springframework.validation.beanvalidation.LocalValidatorFactoryBean$1
[16:12:08:483] [DEBUG] - org.hibernate.validator.internal.xml.ValidationXmlParser.getValidationXmlInputStream(ValidationXmlParser.java:133) - Trying to load META-INF/validation.xml for XML based Validator configuration.
[16:12:08:484] [DEBUG] - org.hibernate.validator.internal.xml.ResourceLoaderHelper.getResettableInputStreamForPath(ResourceLoaderHelper.java:53) - Trying to load META-INF/validation.xml via user class loader
[16:12:08:485] [DEBUG] - org.hibernate.validator.internal.xml.ResourceLoaderHelper.getResettableInputStreamForPath(ResourceLoaderHelper.java:60) - Trying to load META-INF/validation.xml via TCCL
[16:12:08:485] [DEBUG] - org.hibernate.validator.internal.xml.ResourceLoaderHelper.getResettableInputStreamForPath(ResourceLoaderHelper.java:66) - Trying to load META-INF/validation.xml via Hibernate Validator's class loader
[16:12:08:486] [DEBUG] - org.hibernate.validator.internal.xml.ValidationXmlParser.getValidationXmlInputStream(ValidationXmlParser.java:140) - No META-INF/validation.xml found. Using annotation based configuration only.
[16:12:08:491] [DEBUG] - org.hibernate.validator.internal.engine.ValidatorFactoryImpl.logValidatorFactoryScopedConfiguration(ValidatorFactoryImpl.java:578) - HV000234: Using org.springframework.validation.beanvalidation.LocaleContextMessageInterpolator as ValidatorFactory-scoped message interpolator.
[16:12:08:491] [DEBUG] - org.hibernate.validator.internal.engine.ValidatorFactoryImpl.logValidatorFactoryScopedConfiguration(ValidatorFactoryImpl.java:579) - HV000234: Using org.hibernate.validator.internal.engine.resolver.TraverseAllTraversableResolver as ValidatorFactory-scoped traversable resolver.
[16:12:08:491] [DEBUG] - org.hibernate.validator.internal.engine.ValidatorFactoryImpl.logValidatorFactoryScopedConfiguration(ValidatorFactoryImpl.java:580) - HV000234: Using org.hibernate.validator.internal.util.ExecutableParameterNameProvider as ValidatorFactory-scoped parameter name provider.
[16:12:08:491] [DEBUG] - org.hibernate.validator.internal.engine.ValidatorFactoryImpl.logValidatorFactoryScopedConfiguration(ValidatorFactoryImpl.java:581) - HV000234: Using org.hibernate.validator.internal.engine.DefaultClockProvider as ValidatorFactory-scoped clock provider.
[16:12:08:491] [DEBUG] - org.hibernate.validator.internal.engine.ValidatorFactoryImpl.logValidatorFactoryScopedConfiguration(ValidatorFactoryImpl.java:582) - HV000234: Using org.hibernate.validator.internal.engine.scripting.DefaultScriptEvaluatorFactory as ValidatorFactory-scoped script evaluator factory.
[16:14:43:101] [DEBUG] - org.hibernate.validator.messageinterpolation.ResourceBundleMessageInterpolator.buildExpressionFactory(ResourceBundleMessageInterpolator.java:89) - Loaded expression factory via original TCCL
[16:14:43:112] [DEBUG] - org.hibernate.validator.internal.engine.ValidatorFactoryImpl.logValidatorFactoryScopedConfiguration(ValidatorFactoryImpl.java:578) - HV000234: Using org.hibernate.validator.messageinterpolation.ResourceBundleMessageInterpolator as ValidatorFactory-scoped message interpolator.
[16:14:43:113] [DEBUG] - org.hibernate.validator.internal.engine.ValidatorFactoryImpl.logValidatorFactoryScopedConfiguration(ValidatorFactoryImpl.java:579) - HV000234: Using org.hibernate.validator.internal.engine.resolver.TraverseAllTraversableResolver as ValidatorFactory-scoped traversable resolver.
[16:14:43:113] [DEBUG] - org.hibernate.validator.internal.engine.ValidatorFactoryImpl.logValidatorFactoryScopedConfiguration(ValidatorFactoryImpl.java:580) - HV000234: Using org.hibernate.validator.internal.util.ExecutableParameterNameProvider as ValidatorFactory-scoped parameter name provider.
[16:14:43:113] [DEBUG] - org.hibernate.validator.internal.engine.ValidatorFactoryImpl.logValidatorFactoryScopedConfiguration(ValidatorFactoryImpl.java:581) - HV000234: Using org.hibernate.validator.internal.engine.DefaultClockProvider as ValidatorFactory-scoped clock provider.
[16:14:43:114] [DEBUG] - org.hibernate.validator.internal.engine.ValidatorFactoryImpl.logValidatorFactoryScopedConfiguration(ValidatorFactoryImpl.java:582) - HV000234: Using org.hibernate.validator.internal.engine.scripting.DefaultScriptEvaluatorFactory as ValidatorFactory-scoped script evaluator factory.
[16:14:43:215] [DEBUG] - org.springframework.boot.StartupInfoLogger.logStarting(StartupInfoLogger.java:53) - Running with Spring Boot v2.0.2.RELEASE, Spring v5.0.6.RELEASE
[16:14:44:446] [DEBUG] - org.hibernate.validator.internal.engine.resolver.TraversableResolvers.getDefault(TraversableResolvers.java:60) - Cannot find javax.persistence.Persistence on classpath. Assuming non JPA 2 environment. All properties will per default be traversable.
[16:14:44:446] [DEBUG] - org.hibernate.validator.messageinterpolation.ResourceBundleMessageInterpolator.buildExpressionFactory(ResourceBundleMessageInterpolator.java:89) - Loaded expression factory via original TCCL
[16:14:44:460] [DEBUG] - org.hibernate.validator.internal.engine.resolver.TraversableResolvers.getDefault(TraversableResolvers.java:60) - Cannot find javax.persistence.Persistence on classpath. Assuming non JPA 2 environment. All properties will per default be traversable.
[16:14:44:461] [DEBUG] - org.hibernate.validator.internal.engine.ConfigurationImpl.messageInterpolator(ConfigurationImpl.java:148) - Setting custom MessageInterpolator of type org.springframework.validation.beanvalidation.LocaleContextMessageInterpolator
[16:14:44:462] [DEBUG] - org.hibernate.validator.internal.engine.ConfigurationImpl.constraintValidatorFactory(ConfigurationImpl.java:180) - Setting custom ConstraintValidatorFactory of type org.springframework.validation.beanvalidation.SpringConstraintValidatorFactory
[16:14:44:463] [DEBUG] - org.hibernate.validator.internal.engine.ConfigurationImpl.parameterNameProvider(ConfigurationImpl.java:194) - Setting custom ParameterNameProvider of type org.springframework.validation.beanvalidation.LocalValidatorFactoryBean$1
[16:14:44:464] [DEBUG] - org.hibernate.validator.internal.xml.ValidationXmlParser.getValidationXmlInputStream(ValidationXmlParser.java:133) - Trying to load META-INF/validation.xml for XML based Validator configuration.
[16:14:44:464] [DEBUG] - org.hibernate.validator.internal.xml.ResourceLoaderHelper.getResettableInputStreamForPath(ResourceLoaderHelper.java:53) - Trying to load META-INF/validation.xml via user class loader
[16:14:44:465] [DEBUG] - org.hibernate.validator.internal.xml.ResourceLoaderHelper.getResettableInputStreamForPath(ResourceLoaderHelper.java:60) - Trying to load META-INF/validation.xml via TCCL
[16:14:44:465] [DEBUG] - org.hibernate.validator.internal.xml.ResourceLoaderHelper.getResettableInputStreamForPath(ResourceLoaderHelper.java:66) - Trying to load META-INF/validation.xml via Hibernate Validator's class loader
[16:14:44:465] [DEBUG] - org.hibernate.validator.internal.xml.ValidationXmlParser.getValidationXmlInputStream(ValidationXmlParser.java:140) - No META-INF/validation.xml found. Using annotation based configuration only.
[16:14:44:469] [DEBUG] - org.hibernate.validator.internal.engine.ValidatorFactoryImpl.logValidatorFactoryScopedConfiguration(ValidatorFactoryImpl.java:578) - HV000234: Using org.springframework.validation.beanvalidation.LocaleContextMessageInterpolator as ValidatorFactory-scoped message interpolator.
[16:14:44:469] [DEBUG] - org.hibernate.validator.internal.engine.ValidatorFactoryImpl.logValidatorFactoryScopedConfiguration(ValidatorFactoryImpl.java:579) - HV000234: Using org.hibernate.validator.internal.engine.resolver.TraverseAllTraversableResolver as ValidatorFactory-scoped traversable resolver.
[16:14:44:469] [DEBUG] - org.hibernate.validator.internal.engine.ValidatorFactoryImpl.logValidatorFactoryScopedConfiguration(ValidatorFactoryImpl.java:580) - HV000234: Using org.hibernate.validator.internal.util.ExecutableParameterNameProvider as ValidatorFactory-scoped parameter name provider.
[16:14:44:470] [DEBUG] - org.hibernate.validator.internal.engine.ValidatorFactoryImpl.logValidatorFactoryScopedConfiguration(ValidatorFactoryImpl.java:581) - HV000234: Using org.hibernate.validator.internal.engine.DefaultClockProvider as ValidatorFactory-scoped clock provider.
[16:14:44:470] [DEBUG] - org.hibernate.validator.internal.engine.ValidatorFactoryImpl.logValidatorFactoryScopedConfiguration(ValidatorFactoryImpl.java:582) - HV000234: Using org.hibernate.validator.internal.engine.scripting.DefaultScriptEvaluatorFactory as ValidatorFactory-scoped script evaluator factory.
