10:14:25.197 [main] INFO  o.s.b.t.c.SpringBootTestContextBootstrapper - [buildDefaultMergedContextConfiguration,308] - Neither @ContextConfiguration nor @ContextHierarchy found for test class [com.eyecool.service.web.SpringbootDemoApplicationTests], using SpringBootContextLoader
10:14:25.208 [main] INFO  o.s.t.c.s.AbstractContextLoader - [generateDefaultLocations,264] - Could not detect default resource locations for test class [com.eyecool.service.web.SpringbootDemoApplicationTests]: no resource found for suffixes {-context.xml, Context.groovy}.
10:14:25.210 [main] INFO  o.s.t.c.s.AnnotationConfigContextLoaderUtils - [detectDefaultConfigurationClasses,83] - Could not detect default configuration classes for test class [com.eyecool.service.web.SpringbootDemoApplicationTests]: SpringbootDemoApplicationTests does not declare any static, non-private, non-final, nested classes annotated with @Configuration.
10:14:25.365 [main] INFO  o.s.b.t.c.SpringBootTestContextBootstrapper - [getOrFindConfigurationClasses,244] - Found @SpringBootConfiguration com.eyecool.service.web.ServiceWebApplication for test class com.eyecool.service.web.SpringbootDemoApplicationTests
10:14:25.541 [main] INFO  o.s.b.t.c.SpringBootTestContextBootstrapper - [getDefaultTestExecutionListenerClassNames,248] - Loaded default TestExecutionListener class names from location [META-INF/spring.factories]: [org.springframework.boot.test.mock.mockito.MockitoTestExecutionListener, org.springframework.boot.test.mock.mockito.ResetMocksTestExecutionListener, org.springframework.boot.test.autoconfigure.restdocs.RestDocsTestExecutionListener, org.springframework.boot.test.autoconfigure.web.client.MockRestServiceServerResetTestExecutionListener, org.springframework.boot.test.autoconfigure.web.servlet.MockMvcPrintOnlyOnFailureTestExecutionListener, org.springframework.boot.test.autoconfigure.web.servlet.WebDriverTestExecutionListener, org.springframework.test.context.web.ServletTestExecutionListener, org.springframework.test.context.support.DirtiesContextBeforeModesTestExecutionListener, org.springframework.test.context.support.DependencyInjectionTestExecutionListener, org.springframework.test.context.support.DirtiesContextTestExecutionListener, org.springframework.test.context.transaction.TransactionalTestExecutionListener, org.springframework.test.context.jdbc.SqlScriptsTestExecutionListener]
10:14:25.591 [main] INFO  o.s.b.t.c.SpringBootTestContextBootstrapper - [getTestExecutionListeners,177] - Using TestExecutionListeners: [org.springframework.test.context.web.ServletTestExecutionListener@7b36aa0c, org.springframework.test.context.support.DirtiesContextBeforeModesTestExecutionListener@5824a83d, org.springframework.boot.test.mock.mockito.MockitoTestExecutionListener@537f60bf, org.springframework.boot.test.autoconfigure.SpringBootDependencyInjectionTestExecutionListener@5677323c, org.springframework.test.context.support.DirtiesContextTestExecutionListener@18df8434, org.springframework.test.context.transaction.TransactionalTestExecutionListener@65c7a252, org.springframework.test.context.jdbc.SqlScriptsTestExecutionListener@4d154ccd, org.springframework.boot.test.mock.mockito.ResetMocksTestExecutionListener@229c6181, org.springframework.boot.test.autoconfigure.restdocs.RestDocsTestExecutionListener@4686afc2, org.springframework.boot.test.autoconfigure.web.client.MockRestServiceServerResetTestExecutionListener@1e0b4072, org.springframework.boot.test.autoconfigure.web.servlet.MockMvcPrintOnlyOnFailureTestExecutionListener@791f145a, org.springframework.boot.test.autoconfigure.web.servlet.WebDriverTestExecutionListener@38cee291]
10:14:26.072 [main] INFO  c.e.s.w.SpringbootDemoApplicationTests - [logStarting,50] - Starting SpringbootDemoApplicationTests on computer.local with PID 5619 (started by dcmsy in /Users/dcmsy/idea-workspace/eyecool-mirco-service-web)
10:14:26.074 [main] INFO  c.e.s.w.SpringbootDemoApplicationTests - [logStartupProfileInfo,659] - No active profile set, falling back to default profiles: default
10:14:26.562 [main] INFO  o.s.w.c.s.GenericWebApplicationContext - [prepareRefresh,590] - Refreshing org.springframework.web.context.support.GenericWebApplicationContext@3148f668: startup date [Wed Sep 16 10:14:26 CST 2020]; root of context hierarchy
10:14:27.421 [main] INFO  o.s.b.f.x.XmlBeanDefinitionReader - [loadBeanDefinitions,316] - Loading XML bean definitions from URL [file:/Users/dcmsy/idea-workspace/eyecool-mirco-service-web/target/classes/minisearch.xml]
10:14:28.238 [main] INFO  c.e.g.a.GrpcServicesBeanFactoryPostProcessor - [postProcessBeanFactory,47] - Trying to enhance bean factory(org.springframework.beans.factory.support.DefaultListableBeanFactory)
10:14:28.240 [main] INFO  c.e.g.a.GrpcServicesBeanFactoryPostProcessor - [postProcessBeanFactory,52] - Enhanced bean factory(org.springframework.beans.factory.support.DefaultListableBeanFactory) for Grpc Client Autowired.
10:14:28.255 [main] INFO  o.s.b.f.a.AutowiredAnnotationBeanPostProcessor - [<init>,154] - JSR-330 'javax.inject.Inject' annotation found and supported for autowiring
10:14:28.782 [main] INFO  c.e.g.a.GrpcServicesBeanFactoryPostProcessor - [getSuggestedValue,91] - grpc settings: cn.eyecool.grpc.autoconfiguration.GrpcServicesConfiguration@439b15f2
10:14:29.778 [main] INFO  o.s.w.s.h.SimpleUrlHandlerMapping - [registerHandler,373] - Mapped URL path [/**/favicon.ico] onto handler of type [class org.springframework.web.servlet.resource.ResourceHttpRequestHandler]
10:14:30.007 [main] INFO  o.s.w.s.m.m.a.RequestMappingHandlerAdapter - [initControllerAdviceCache,574] - Looking for @ControllerAdvice: org.springframework.web.context.support.GenericWebApplicationContext@3148f668: startup date [Wed Sep 16 10:14:26 CST 2020]; root of context hierarchy
10:14:30.106 [main] INFO  o.s.w.s.m.m.a.RequestMappingHandlerMapping - [register,547] - Mapped "{[/test/callmicroservice/load],methods=[POST || GET]}" onto public java.util.Map<java.lang.String, java.lang.Object> com.eyecool.service.web.controller.CallMicroserviceController.load()
10:14:30.107 [main] INFO  o.s.w.s.m.m.a.RequestMappingHandlerMapping - [register,547] - Mapped "{[/test/callmicroservice/faceExteaction],methods=[POST || GET]}" onto public com.eyecool.abis.callmicroservice.common.FaceExtractResult com.eyecool.service.web.controller.CallMicroserviceController.faceExteaction()
10:14:30.108 [main] INFO  o.s.w.s.m.m.a.RequestMappingHandlerMapping - [register,547] - Mapped "{[/test/callmicroservice/faceMatch],methods=[POST || GET]}" onto public java.util.List<com.eyecool.abis.callmicroservice.common.MatchBean> com.eyecool.service.web.controller.CallMicroserviceController.faceMatch()
10:14:30.109 [main] INFO  o.s.w.s.m.m.a.RequestMappingHandlerMapping - [register,547] - Mapped "{[/test/callmicroservice/faceMiniSearch],methods=[POST || GET]}" onto public java.util.List<com.eyecool.abis.callmicroservice.common.FaceSearchResult> com.eyecool.service.web.controller.CallMicroserviceController.faceMiniSearch()
10:14:30.110 [main] INFO  o.s.w.s.m.m.a.RequestMappingHandlerMapping - [register,547] - Mapped "{[/test/callmicroservice/faceVideoLivenessDetection],methods=[POST || GET]}" onto public boolean com.eyecool.service.web.controller.CallMicroserviceController.faceVideoLivenessDetection()
10:14:30.111 [main] INFO  o.s.w.s.m.m.a.RequestMappingHandlerMapping - [register,547] - Mapped "{[/test/callmicroservice/faceImageLivenessDetection],methods=[POST || GET]}" onto public boolean com.eyecool.service.web.controller.CallMicroserviceController.faceImageLivenessDetection()
10:14:30.111 [main] INFO  o.s.w.s.m.m.a.RequestMappingHandlerMapping - [register,547] - Mapped "{[/test/callmicroservice/multiFaceDetection],methods=[POST || GET]}" onto public int com.eyecool.service.web.controller.CallMicroserviceController.multiFaceDetection()
10:14:30.112 [main] INFO  o.s.w.s.m.m.a.RequestMappingHandlerMapping - [register,547] - Mapped "{[/test/callmicroservice/fingerExteaction],methods=[POST || GET]}" onto public java.util.Map<java.lang.String, java.lang.Object> com.eyecool.service.web.controller.CallMicroserviceController.fingerExteaction()
10:14:30.112 [main] INFO  o.s.w.s.m.m.a.RequestMappingHandlerMapping - [register,547] - Mapped "{[/test/callmicroservice/fingerMatch],methods=[POST || GET]}" onto public java.util.Map<java.lang.String, java.lang.Object> com.eyecool.service.web.controller.CallMicroserviceController.fingerMatch()
10:14:30.114 [main] INFO  o.s.w.s.m.m.a.RequestMappingHandlerMapping - [register,547] - Mapped "{[/test/callmicroservice/fingerMiniSearch],methods=[POST || GET]}" onto public java.util.Map<java.lang.String, java.lang.Object> com.eyecool.service.web.controller.CallMicroserviceController.fingerMiniSearch()
10:14:30.117 [main] INFO  o.s.w.s.m.m.a.RequestMappingHandlerMapping - [register,547] - Mapped "{[/test/callmicroservice/irisMatch],methods=[POST || GET]}" onto public java.util.Map<java.lang.String, java.lang.Object> com.eyecool.service.web.controller.CallMicroserviceController.irisMatch()
10:14:30.120 [main] INFO  o.s.w.s.m.m.a.RequestMappingHandlerMapping - [register,547] - Mapped "{[/test/callmicroservice/extractIrisFeature],methods=[POST || GET]}" onto public java.util.Map<java.lang.String, java.lang.Object> com.eyecool.service.web.controller.CallMicroserviceController.extractIrisFeature()
10:14:30.121 [main] INFO  o.s.w.s.m.m.a.RequestMappingHandlerMapping - [register,547] - Mapped "{[/test/callmicroservice/irisMiniSearch],methods=[POST || GET]}" onto public java.util.Map<java.lang.String, java.lang.Object> com.eyecool.service.web.controller.CallMicroserviceController.irisMiniSearch()
10:14:30.124 [main] INFO  o.s.w.s.m.m.a.RequestMappingHandlerMapping - [register,547] - Mapped "{[/test/list],methods=[GET]}" onto public java.util.List<java.lang.String> com.eyecool.service.web.controller.TestController.getList()
10:14:30.136 [main] INFO  o.s.w.s.m.m.a.RequestMappingHandlerMapping - [register,547] - Mapped "{[/callmicroservice/faceExteaction],methods=[POST || GET]}" onto public com.eyecool.service.web.model.ResultMsg com.eyecool.service.web.controller.WebController.faceExteaction(java.lang.String)
10:14:30.138 [main] INFO  o.s.w.s.m.m.a.RequestMappingHandlerMapping - [register,547] - Mapped "{[/callmicroservice/faceMatch],methods=[POST || GET]}" onto public com.eyecool.service.web.model.ResultMsg com.eyecool.service.web.controller.WebController.faceMatch(java.lang.String,java.lang.String)
10:14:30.138 [main] INFO  o.s.w.s.m.m.a.RequestMappingHandlerMapping - [register,547] - Mapped "{[/callmicroservice/faceMiniSearch],methods=[POST || GET]}" onto public com.eyecool.service.web.model.ResultMsg com.eyecool.service.web.controller.WebController.faceMiniSearch(java.lang.String,java.lang.String,java.lang.Double,java.lang.Integer)
10:14:30.139 [main] INFO  o.s.w.s.m.m.a.RequestMappingHandlerMapping - [register,547] - Mapped "{[/callmicroservice/reFaceMiniSearch],methods=[POST || GET]}" onto public com.eyecool.service.web.model.ResultMsg com.eyecool.service.web.controller.WebController.reFaceMiniSearch(java.lang.String,java.lang.String,java.lang.String,java.lang.Double,java.lang.Integer)
10:14:30.145 [main] INFO  o.s.w.s.m.m.a.RequestMappingHandlerMapping - [register,547] - Mapped "{[/callmicroservice/doubleFaceMiniSearch],methods=[POST || GET]}" onto public com.eyecool.service.web.model.ResultMsg com.eyecool.service.web.controller.WebController.doubleFaceMiniSearch(java.lang.String,java.lang.String,java.lang.String,java.lang.Double,java.lang.Integer)
10:14:30.148 [main] INFO  o.s.w.s.m.m.a.RequestMappingHandlerMapping - [register,547] - Mapped "{[/callmicroservice/faceImageLivenessDetection],methods=[POST || GET]}" onto public com.eyecool.service.web.model.ResultMsg com.eyecool.service.web.controller.WebController.faceImageLivenessDetection(java.lang.String,java.lang.Double)
10:14:30.151 [main] INFO  o.s.w.s.m.m.a.RequestMappingHandlerMapping - [register,547] - Mapped "{[/callmicroservice/multiFaceDetection],methods=[POST || GET]}" onto public com.eyecool.service.web.model.ResultMsg com.eyecool.service.web.controller.WebController.multiFaceDetection(java.lang.String)
10:14:30.151 [main] INFO  o.s.w.s.m.m.a.RequestMappingHandlerMapping - [register,547] - Mapped "{[/callmicroservice/fingerExteaction],methods=[POST || GET]}" onto public com.eyecool.service.web.model.ResultMsg com.eyecool.service.web.controller.WebController.fingerExteaction(java.lang.String)
10:14:30.152 [main] INFO  o.s.w.s.m.m.a.RequestMappingHandlerMapping - [register,547] - Mapped "{[/callmicroservice/fingerMatch],methods=[POST || GET]}" onto public com.eyecool.service.web.model.ResultMsg com.eyecool.service.web.controller.WebController.fingerMatch(java.util.List<java.lang.String>)
10:14:30.153 [main] INFO  o.s.w.s.m.m.a.RequestMappingHandlerMapping - [register,547] - Mapped "{[/callmicroservice/fingerMiniSearch],methods=[POST || GET]}" onto public com.eyecool.service.web.model.ResultMsg com.eyecool.service.web.controller.WebController.fingerMiniSearch(java.lang.String,java.lang.String,java.lang.Double,java.lang.Integer)
10:14:30.153 [main] INFO  o.s.w.s.m.m.a.RequestMappingHandlerMapping - [register,547] - Mapped "{[/callmicroservice/irisMatch],methods=[POST || GET]}" onto public com.eyecool.service.web.model.ResultMsg com.eyecool.service.web.controller.WebController.irisMatch(java.util.List<java.lang.String>)
10:14:30.154 [main] INFO  o.s.w.s.m.m.a.RequestMappingHandlerMapping - [register,547] - Mapped "{[/callmicroservice/extractIrisFeature],methods=[POST || GET]}" onto public com.eyecool.service.web.model.ResultMsg com.eyecool.service.web.controller.WebController.extractIrisFeature(java.lang.String)
10:14:30.155 [main] INFO  o.s.w.s.m.m.a.RequestMappingHandlerMapping - [register,547] - Mapped "{[/callmicroservice/irisMiniSearch],methods=[POST || GET]}" onto public com.eyecool.service.web.model.ResultMsg com.eyecool.service.web.controller.WebController.irisMiniSearch(java.lang.String,java.lang.String,java.lang.String,java.lang.Double,java.lang.Integer)
10:14:30.155 [main] INFO  o.s.w.s.m.m.a.RequestMappingHandlerMapping - [register,547] - Mapped "{[/callmicroservice/faceExteactionJson],methods=[POST || GET]}" onto public com.eyecool.service.web.model.ResultMsg com.eyecool.service.web.controller.WebController.faceExteactionJson(java.lang.String)
10:14:30.156 [main] INFO  o.s.w.s.m.m.a.RequestMappingHandlerMapping - [register,547] - Mapped "{[/callmicroservice/reFaceExteactionJson],methods=[POST || GET]}" onto public com.eyecool.service.web.model.ResultMsg com.eyecool.service.web.controller.WebController.reFaceExteactionJson(java.lang.String)
10:14:30.156 [main] INFO  o.s.w.s.m.m.a.RequestMappingHandlerMapping - [register,547] - Mapped "{[/callmicroservice/faceMatchList],methods=[POST || GET]}" onto public com.eyecool.service.web.model.ResultMsg com.eyecool.service.web.controller.WebController.faceMatchList(java.util.List<java.lang.String>)
10:14:30.157 [main] INFO  o.s.w.s.m.m.a.RequestMappingHandlerMapping - [register,547] - Mapped "{[/callmicroservice/faceImageLivenessDetectionJson],methods=[POST || GET]}" onto public com.eyecool.service.web.model.ResultMsg com.eyecool.service.web.controller.WebController.faceImageLivenessDetectionJson(java.lang.String)
10:14:30.160 [main] INFO  o.s.w.s.m.m.a.RequestMappingHandlerMapping - [register,547] - Mapped "{[/error]}" onto public org.springframework.http.ResponseEntity<java.util.Map<java.lang.String, java.lang.Object>> org.springframework.boot.autoconfigure.web.servlet.error.BasicErrorController.error(javax.servlet.http.HttpServletRequest)
10:14:30.161 [main] INFO  o.s.w.s.m.m.a.RequestMappingHandlerMapping - [register,547] - Mapped "{[/error],produces=[text/html]}" onto public org.springframework.web.servlet.ModelAndView org.springframework.boot.autoconfigure.web.servlet.error.BasicErrorController.errorHtml(javax.servlet.http.HttpServletRequest,javax.servlet.http.HttpServletResponse)
10:14:30.203 [main] INFO  o.s.w.s.h.SimpleUrlHandlerMapping - [registerHandler,373] - Mapped URL path [/webjars/**] onto handler of type [class org.springframework.web.servlet.resource.ResourceHttpRequestHandler]
10:14:30.204 [main] INFO  o.s.w.s.h.SimpleUrlHandlerMapping - [registerHandler,373] - Mapped URL path [/**] onto handler of type [class org.springframework.web.servlet.resource.ResourceHttpRequestHandler]
10:14:30.497 [main] INFO  o.s.j.d.e.EmbeddedDatabaseFactory - [initDatabase,189] - Starting embedded database: url='jdbc:h2:mem:testdb;DB_CLOSE_DELAY=-1;DB_CLOSE_ON_EXIT=false', username='sa'
10:14:31.045 [main] INFO  c.e.s.w.ServiceWebApplication - [onApplicationEvent,52] - init 9801 ssnowAgent ....... 
10:14:31.045 [main] INFO  c.e.a.c.i.IBioFaceMicroServiceImpl - [getMiniMatchService,286] - LD_LIBRARY_PATH = null
10:14:31.079 [main] INFO  c.t.d.f.AbstractBioFacePoolDriver - [init,104] - Init V100 face alg pool with pool size [4]
10:14:31.092 [main] INFO  c.t.d.DriverManager - [getDriverInfoByLibName,88] - use ssnow driver adapter. [class com.teso.drivers.face.BioFace$SsNowFaceAdapter]
10:14:31.094 [main] INFO  c.t.d.f.BioFaceCloudAlg - [init,148] - driver class is [interface com.teso.drivers.face.BioFace$LinuxBioSsNowFace]
10:14:31.366 [main] INFO  c.t.d.f.BioFaceCloudAlg - [trySetFaceDatPath,214] - face dat file doesn't exists, or current face alg doesn't support set face dat file ..
10:14:31.724 [main] INFO  o.s.s.a.ScheduledAnnotationBeanPostProcessor - [finishRegistration,275] - No TaskScheduler/ScheduledExecutorService bean found for scheduled processing
10:14:31.737 [main] INFO  c.e.s.w.SpringbootDemoApplicationTests - [logStarted,59] - Started SpringbootDemoApplicationTests in 6.099 seconds (JVM running for 7.431)
10:14:31.740 [main] INFO  c.e.s.w.r.ApplicationRunnerImpl - [run,27] - =======Face-Service-Web-eyecool  is running=======
10:14:31.934 [Thread-3] INFO  o.s.w.c.s.GenericWebApplicationContext - [doClose,993] - Closing org.springframework.web.context.support.GenericWebApplicationContext@3148f668: startup date [Wed Sep 16 10:14:26 CST 2020]; root of context hierarchy
10:14:31.938 [Thread-3] INFO  o.s.j.d.e.EmbeddedDatabaseFactory - [shutdownDatabase,220] - Shutting down embedded database: url='jdbc:h2:mem:testdb;DB_CLOSE_DELAY=-1;DB_CLOSE_ON_EXIT=false'
