14:28:34.944 [main] INFO  o.s.b.t.c.SpringBootTestContextBootstrapper - [buildDefaultMergedContextConfiguration,308] - Neither @ContextConfiguration nor @ContextHierarchy found for test class [com.eyecool.service.web.SpringbootDemoApplicationTests], using SpringBootContextLoader
14:28:35.005 [main] INFO  o.s.t.c.s.AbstractContextLoader - [generateDefaultLocations,264] - Could not detect default resource locations for test class [com.eyecool.service.web.SpringbootDemoApplicationTests]: no resource found for suffixes {-context.xml, Context.groovy}.
14:28:35.024 [main] INFO  o.s.t.c.s.AnnotationConfigContextLoaderUtils - [detectDefaultConfigurationClasses,83] - Could not detect default configuration classes for test class [com.eyecool.service.web.SpringbootDemoApplicationTests]: SpringbootDemoApplicationTests does not declare any static, non-private, non-final, nested classes annotated with @Configuration.
14:28:35.407 [main] INFO  o.s.b.t.c.SpringBootTestContextBootstrapper - [getOrFindConfigurationClasses,244] - Found @SpringBootConfiguration com.eyecool.service.web.ServiceWebApplication for test class com.eyecool.service.web.SpringbootDemoApplicationTests
14:28:35.679 [main] INFO  o.s.b.t.c.SpringBootTestContextBootstrapper - [getDefaultTestExecutionListenerClassNames,248] - Loaded default TestExecutionListener class names from location [META-INF/spring.factories]: [org.springframework.boot.test.mock.mockito.MockitoTestExecutionListener, org.springframework.boot.test.mock.mockito.ResetMocksTestExecutionListener, org.springframework.boot.test.autoconfigure.restdocs.RestDocsTestExecutionListener, org.springframework.boot.test.autoconfigure.web.client.MockRestServiceServerResetTestExecutionListener, org.springframework.boot.test.autoconfigure.web.servlet.MockMvcPrintOnlyOnFailureTestExecutionListener, org.springframework.boot.test.autoconfigure.web.servlet.WebDriverTestExecutionListener, org.springframework.test.context.web.ServletTestExecutionListener, org.springframework.test.context.support.DirtiesContextBeforeModesTestExecutionListener, org.springframework.test.context.support.DependencyInjectionTestExecutionListener, org.springframework.test.context.support.DirtiesContextTestExecutionListener, org.springframework.test.context.transaction.TransactionalTestExecutionListener, org.springframework.test.context.jdbc.SqlScriptsTestExecutionListener]
14:28:35.777 [main] INFO  o.s.b.t.c.SpringBootTestContextBootstrapper - [getTestExecutionListeners,177] - Using TestExecutionListeners: [org.springframework.test.context.web.ServletTestExecutionListener@52719fb6, org.springframework.test.context.support.DirtiesContextBeforeModesTestExecutionListener@3012646b, org.springframework.boot.test.mock.mockito.MockitoTestExecutionListener@4a883b15, org.springframework.boot.test.autoconfigure.SpringBootDependencyInjectionTestExecutionListener@25641d39, org.springframework.test.context.support.DirtiesContextTestExecutionListener@7b36aa0c, org.springframework.test.context.transaction.TransactionalTestExecutionListener@5824a83d, org.springframework.test.context.jdbc.SqlScriptsTestExecutionListener@537f60bf, org.springframework.boot.test.mock.mockito.ResetMocksTestExecutionListener@5677323c, org.springframework.boot.test.autoconfigure.restdocs.RestDocsTestExecutionListener@18df8434, org.springframework.boot.test.autoconfigure.web.client.MockRestServiceServerResetTestExecutionListener@65c7a252, org.springframework.boot.test.autoconfigure.web.servlet.MockMvcPrintOnlyOnFailureTestExecutionListener@4d154ccd, org.springframework.boot.test.autoconfigure.web.servlet.WebDriverTestExecutionListener@229c6181]
14:28:36.616 [main] INFO  c.e.s.w.SpringbootDemoApplicationTests - [logStarting,50] - Starting SpringbootDemoApplicationTests on computer.local with PID 14781 (started by dcmsy in /Users/dcmsy/idea-workspace/eyecool-mirco-service-web)
14:28:36.618 [main] INFO  c.e.s.w.SpringbootDemoApplicationTests - [logStartupProfileInfo,659] - No active profile set, falling back to default profiles: default
14:28:36.888 [main] INFO  c.e.s.w.SpringbootDemoApplicationTests - [logStarting,50] - Starting SpringbootDemoApplicationTests on computer.local with PID 14783 (started by dcmsy in /Users/dcmsy/idea-workspace/eyecool-mirco-service-web)
14:28:36.889 [main] INFO  c.e.s.w.SpringbootDemoApplicationTests - [logStartupProfileInfo,659] - No active profile set, falling back to default profiles: default
14:28:37.266 [main] INFO  o.s.w.c.s.GenericWebApplicationContext - [prepareRefresh,590] - Refreshing org.springframework.web.context.support.GenericWebApplicationContext@d278d2b: startup date [Tue Sep 01 14:28:37 CST 2020]; root of context hierarchy
14:28:37.561 [main] INFO  o.s.w.c.s.GenericWebApplicationContext - [prepareRefresh,590] - Refreshing org.springframework.web.context.support.GenericWebApplicationContext@d278d2b: startup date [Tue Sep 01 14:28:37 CST 2020]; root of context hierarchy
14:28:39.109 [main] INFO  o.s.b.f.x.XmlBeanDefinitionReader - [loadBeanDefinitions,316] - Loading XML bean definitions from URL [file:/Users/dcmsy/idea-workspace/eyecool-mirco-service-web/target/classes/minisearch.xml]
14:28:39.430 [main] INFO  o.s.b.f.x.XmlBeanDefinitionReader - [loadBeanDefinitions,316] - Loading XML bean definitions from URL [file:/Users/dcmsy/idea-workspace/eyecool-mirco-service-web/target/classes/minisearch.xml]
14:28:40.378 [main] INFO  c.e.g.a.GrpcServicesBeanFactoryPostProcessor - [postProcessBeanFactory,47] - Trying to enhance bean factory(org.springframework.beans.factory.support.DefaultListableBeanFactory)
14:28:40.380 [main] INFO  c.e.g.a.GrpcServicesBeanFactoryPostProcessor - [postProcessBeanFactory,52] - Enhanced bean factory(org.springframework.beans.factory.support.DefaultListableBeanFactory) for Grpc Client Autowired.
14:28:40.437 [main] INFO  o.s.b.f.a.AutowiredAnnotationBeanPostProcessor - [<init>,154] - JSR-330 'javax.inject.Inject' annotation found and supported for autowiring
14:28:40.732 [main] INFO  c.e.g.a.GrpcServicesBeanFactoryPostProcessor - [postProcessBeanFactory,47] - Trying to enhance bean factory(org.springframework.beans.factory.support.DefaultListableBeanFactory)
14:28:40.735 [main] INFO  c.e.g.a.GrpcServicesBeanFactoryPostProcessor - [postProcessBeanFactory,52] - Enhanced bean factory(org.springframework.beans.factory.support.DefaultListableBeanFactory) for Grpc Client Autowired.
14:28:40.788 [main] INFO  o.s.b.f.a.AutowiredAnnotationBeanPostProcessor - [<init>,154] - JSR-330 'javax.inject.Inject' annotation found and supported for autowiring
14:28:41.004 [main] INFO  c.e.g.a.GrpcServicesBeanFactoryPostProcessor - [getSuggestedValue,91] - grpc settings: cn.eyecool.grpc.autoconfiguration.GrpcServicesConfiguration@6a1d3225
14:28:41.297 [main] INFO  c.e.g.a.GrpcServicesBeanFactoryPostProcessor - [getSuggestedValue,91] - grpc settings: cn.eyecool.grpc.autoconfiguration.GrpcServicesConfiguration@22eaa86e
14:28:42.980 [main] INFO  o.s.w.s.h.SimpleUrlHandlerMapping - [registerHandler,373] - Mapped URL path [/**/favicon.ico] onto handler of type [class org.springframework.web.servlet.resource.ResourceHttpRequestHandler]
14:28:43.759 [main] INFO  o.s.w.s.h.SimpleUrlHandlerMapping - [registerHandler,373] - Mapped URL path [/**/favicon.ico] onto handler of type [class org.springframework.web.servlet.resource.ResourceHttpRequestHandler]
14:28:43.936 [main] INFO  o.s.w.s.m.m.a.RequestMappingHandlerAdapter - [initControllerAdviceCache,574] - Looking for @ControllerAdvice: org.springframework.web.context.support.GenericWebApplicationContext@d278d2b: startup date [Tue Sep 01 14:28:37 CST 2020]; root of context hierarchy
14:28:44.133 [main] INFO  o.s.w.s.m.m.a.RequestMappingHandlerMapping - [register,547] - Mapped "{[/test/callmicroservice/load],methods=[POST || GET]}" onto public java.util.Map<java.lang.String, java.lang.Object> com.eyecool.service.web.controller.CallMicroserviceController.load()
14:28:44.135 [main] INFO  o.s.w.s.m.m.a.RequestMappingHandlerMapping - [register,547] - Mapped "{[/test/callmicroservice/fingerExteaction],methods=[POST || GET]}" onto public java.util.Map<java.lang.String, java.lang.Object> com.eyecool.service.web.controller.CallMicroserviceController.fingerExteaction()
14:28:44.136 [main] INFO  o.s.w.s.m.m.a.RequestMappingHandlerMapping - [register,547] - Mapped "{[/test/callmicroservice/fingerMatch],methods=[POST || GET]}" onto public java.util.Map<java.lang.String, java.lang.Object> com.eyecool.service.web.controller.CallMicroserviceController.fingerMatch()
14:28:44.183 [main] INFO  o.s.w.s.m.m.a.RequestMappingHandlerMapping - [register,547] - Mapped "{[/test/callmicroservice/extractIrisFeature],methods=[POST || GET]}" onto public java.util.Map<java.lang.String, java.lang.Object> com.eyecool.service.web.controller.CallMicroserviceController.extractIrisFeature()
14:28:44.184 [main] INFO  o.s.w.s.m.m.a.RequestMappingHandlerMapping - [register,547] - Mapped "{[/test/callmicroservice/fingerMiniSearch],methods=[POST || GET]}" onto public java.util.Map<java.lang.String, java.lang.Object> com.eyecool.service.web.controller.CallMicroserviceController.fingerMiniSearch()
14:28:44.186 [main] INFO  o.s.w.s.m.m.a.RequestMappingHandlerMapping - [register,547] - Mapped "{[/test/callmicroservice/irisMatch],methods=[POST || GET]}" onto public java.util.Map<java.lang.String, java.lang.Object> com.eyecool.service.web.controller.CallMicroserviceController.irisMatch()
14:28:44.187 [main] INFO  o.s.w.s.m.m.a.RequestMappingHandlerMapping - [register,547] - Mapped "{[/test/callmicroservice/irisMiniSearch],methods=[POST || GET]}" onto public java.util.Map<java.lang.String, java.lang.Object> com.eyecool.service.web.controller.CallMicroserviceController.irisMiniSearch()
14:28:44.187 [main] INFO  o.s.w.s.m.m.a.RequestMappingHandlerMapping - [register,547] - Mapped "{[/test/callmicroservice/faceExteaction],methods=[POST || GET]}" onto public com.eyecool.abis.callmicroservice.common.FaceExtractResult com.eyecool.service.web.controller.CallMicroserviceController.faceExteaction()
14:28:44.188 [main] INFO  o.s.w.s.m.m.a.RequestMappingHandlerMapping - [register,547] - Mapped "{[/test/callmicroservice/faceMatch],methods=[POST || GET]}" onto public java.util.List<com.eyecool.abis.callmicroservice.common.MatchBean> com.eyecool.service.web.controller.CallMicroserviceController.faceMatch()
14:28:44.189 [main] INFO  o.s.w.s.m.m.a.RequestMappingHandlerMapping - [register,547] - Mapped "{[/test/callmicroservice/faceMiniSearch],methods=[POST || GET]}" onto public java.util.List<com.eyecool.abis.callmicroservice.common.FaceSearchResult> com.eyecool.service.web.controller.CallMicroserviceController.faceMiniSearch()
14:28:44.190 [main] INFO  o.s.w.s.m.m.a.RequestMappingHandlerMapping - [register,547] - Mapped "{[/test/callmicroservice/faceVideoLivenessDetection],methods=[POST || GET]}" onto public boolean com.eyecool.service.web.controller.CallMicroserviceController.faceVideoLivenessDetection()
14:28:44.191 [main] INFO  o.s.w.s.m.m.a.RequestMappingHandlerMapping - [register,547] - Mapped "{[/test/callmicroservice/faceImageLivenessDetection],methods=[POST || GET]}" onto public boolean com.eyecool.service.web.controller.CallMicroserviceController.faceImageLivenessDetection()
14:28:44.192 [main] INFO  o.s.w.s.m.m.a.RequestMappingHandlerMapping - [register,547] - Mapped "{[/test/callmicroservice/multiFaceDetection],methods=[POST || GET]}" onto public int com.eyecool.service.web.controller.CallMicroserviceController.multiFaceDetection()
14:28:44.195 [main] INFO  o.s.w.s.m.m.a.RequestMappingHandlerMapping - [register,547] - Mapped "{[/test/list],methods=[GET]}" onto public java.util.List<java.lang.String> com.eyecool.service.web.controller.TestController.getList()
14:28:44.220 [main] INFO  o.s.w.s.m.m.a.RequestMappingHandlerMapping - [register,547] - Mapped "{[/callmicroservice/fingerExteaction],methods=[POST || GET]}" onto public com.eyecool.service.web.model.ResultMsg com.eyecool.service.web.controller.WebController.fingerExteaction(java.lang.String)
14:28:44.221 [main] INFO  o.s.w.s.m.m.a.RequestMappingHandlerMapping - [register,547] - Mapped "{[/callmicroservice/fingerMatch],methods=[POST || GET]}" onto public com.eyecool.service.web.model.ResultMsg com.eyecool.service.web.controller.WebController.fingerMatch(java.util.List<java.lang.String>)
14:28:44.221 [main] INFO  o.s.w.s.m.m.a.RequestMappingHandlerMapping - [register,547] - Mapped "{[/callmicroservice/extractIrisFeature],methods=[POST || GET]}" onto public com.eyecool.service.web.model.ResultMsg com.eyecool.service.web.controller.WebController.extractIrisFeature(java.lang.String)
14:28:44.222 [main] INFO  o.s.w.s.m.m.a.RequestMappingHandlerMapping - [register,547] - Mapped "{[/callmicroservice/fingerMiniSearch],methods=[POST || GET]}" onto public com.eyecool.service.web.model.ResultMsg com.eyecool.service.web.controller.WebController.fingerMiniSearch(java.lang.String,java.lang.String,java.lang.Double,java.lang.Integer)
14:28:44.222 [main] INFO  o.s.w.s.m.m.a.RequestMappingHandlerMapping - [register,547] - Mapped "{[/callmicroservice/irisMatch],methods=[POST || GET]}" onto public com.eyecool.service.web.model.ResultMsg com.eyecool.service.web.controller.WebController.irisMatch(java.util.List<java.lang.String>)
14:28:44.223 [main] INFO  o.s.w.s.m.m.a.RequestMappingHandlerMapping - [register,547] - Mapped "{[/callmicroservice/irisMiniSearch],methods=[POST || GET]}" onto public com.eyecool.service.web.model.ResultMsg com.eyecool.service.web.controller.WebController.irisMiniSearch(java.lang.String,java.lang.String,java.lang.String,java.lang.Double,java.lang.Integer)
14:28:44.223 [main] INFO  o.s.w.s.m.m.a.RequestMappingHandlerMapping - [register,547] - Mapped "{[/callmicroservice/faceExteaction],methods=[POST || GET]}" onto public com.eyecool.service.web.model.ResultMsg com.eyecool.service.web.controller.WebController.faceExteaction(java.lang.String)
14:28:44.224 [main] INFO  o.s.w.s.m.m.a.RequestMappingHandlerMapping - [register,547] - Mapped "{[/callmicroservice/faceMatch],methods=[POST || GET]}" onto public com.eyecool.service.web.model.ResultMsg com.eyecool.service.web.controller.WebController.faceMatch(java.lang.String,java.lang.String)
14:28:44.224 [main] INFO  o.s.w.s.m.m.a.RequestMappingHandlerMapping - [register,547] - Mapped "{[/callmicroservice/faceMiniSearch],methods=[POST || GET]}" onto public com.eyecool.service.web.model.ResultMsg com.eyecool.service.web.controller.WebController.faceMiniSearch(java.lang.String,java.lang.String,java.lang.Double,java.lang.Integer)
14:28:44.225 [main] INFO  o.s.w.s.m.m.a.RequestMappingHandlerMapping - [register,547] - Mapped "{[/callmicroservice/reFaceMiniSearch],methods=[POST || GET]}" onto public com.eyecool.service.web.model.ResultMsg com.eyecool.service.web.controller.WebController.reFaceMiniSearch(java.lang.String,java.lang.String,java.lang.String,java.lang.Double,java.lang.Integer)
14:28:44.226 [main] INFO  o.s.w.s.m.m.a.RequestMappingHandlerMapping - [register,547] - Mapped "{[/callmicroservice/faceImageLivenessDetection],methods=[POST || GET]}" onto public com.eyecool.service.web.model.ResultMsg com.eyecool.service.web.controller.WebController.faceImageLivenessDetection(java.lang.String,java.lang.Double)
14:28:44.226 [main] INFO  o.s.w.s.m.m.a.RequestMappingHandlerMapping - [register,547] - Mapped "{[/callmicroservice/multiFaceDetection],methods=[POST || GET]}" onto public com.eyecool.service.web.model.ResultMsg com.eyecool.service.web.controller.WebController.multiFaceDetection(java.lang.String)
14:28:44.227 [main] INFO  o.s.w.s.m.m.a.RequestMappingHandlerMapping - [register,547] - Mapped "{[/callmicroservice/faceImageLivenessDetectionJson],methods=[POST || GET]}" onto public com.eyecool.service.web.model.ResultMsg com.eyecool.service.web.controller.WebController.faceImageLivenessDetectionJson(java.lang.String)
14:28:44.227 [main] INFO  o.s.w.s.m.m.a.RequestMappingHandlerMapping - [register,547] - Mapped "{[/callmicroservice/faceExteactionJson],methods=[POST || GET]}" onto public com.eyecool.service.web.model.ResultMsg com.eyecool.service.web.controller.WebController.faceExteactionJson(java.lang.String)
14:28:44.228 [main] INFO  o.s.w.s.m.m.a.RequestMappingHandlerMapping - [register,547] - Mapped "{[/callmicroservice/faceMatchList],methods=[POST || GET]}" onto public com.eyecool.service.web.model.ResultMsg com.eyecool.service.web.controller.WebController.faceMatchList(java.util.List<java.lang.String>)
14:28:44.232 [main] INFO  o.s.w.s.m.m.a.RequestMappingHandlerMapping - [register,547] - Mapped "{[/error],produces=[text/html]}" onto public org.springframework.web.servlet.ModelAndView org.springframework.boot.autoconfigure.web.servlet.error.BasicErrorController.errorHtml(javax.servlet.http.HttpServletRequest,javax.servlet.http.HttpServletResponse)
14:28:44.233 [main] INFO  o.s.w.s.m.m.a.RequestMappingHandlerMapping - [register,547] - Mapped "{[/error]}" onto public org.springframework.http.ResponseEntity<java.util.Map<java.lang.String, java.lang.Object>> org.springframework.boot.autoconfigure.web.servlet.error.BasicErrorController.error(javax.servlet.http.HttpServletRequest)
14:28:44.238 [main] INFO  o.s.w.s.m.m.a.RequestMappingHandlerAdapter - [initControllerAdviceCache,574] - Looking for @ControllerAdvice: org.springframework.web.context.support.GenericWebApplicationContext@d278d2b: startup date [Tue Sep 01 14:28:37 CST 2020]; root of context hierarchy
14:28:44.343 [main] INFO  o.s.w.s.h.SimpleUrlHandlerMapping - [registerHandler,373] - Mapped URL path [/webjars/**] onto handler of type [class org.springframework.web.servlet.resource.ResourceHttpRequestHandler]
14:28:44.344 [main] INFO  o.s.w.s.h.SimpleUrlHandlerMapping - [registerHandler,373] - Mapped URL path [/**] onto handler of type [class org.springframework.web.servlet.resource.ResourceHttpRequestHandler]
14:28:44.403 [main] INFO  o.s.w.s.m.m.a.RequestMappingHandlerMapping - [register,547] - Mapped "{[/test/callmicroservice/load],methods=[POST || GET]}" onto public java.util.Map<java.lang.String, java.lang.Object> com.eyecool.service.web.controller.CallMicroserviceController.load()
14:28:44.404 [main] INFO  o.s.w.s.m.m.a.RequestMappingHandlerMapping - [register,547] - Mapped "{[/test/callmicroservice/faceExteaction],methods=[POST || GET]}" onto public com.eyecool.abis.callmicroservice.common.FaceExtractResult com.eyecool.service.web.controller.CallMicroserviceController.faceExteaction()
14:28:44.405 [main] INFO  o.s.w.s.m.m.a.RequestMappingHandlerMapping - [register,547] - Mapped "{[/test/callmicroservice/faceMatch],methods=[POST || GET]}" onto public java.util.List<com.eyecool.abis.callmicroservice.common.MatchBean> com.eyecool.service.web.controller.CallMicroserviceController.faceMatch()
14:28:44.406 [main] INFO  o.s.w.s.m.m.a.RequestMappingHandlerMapping - [register,547] - Mapped "{[/test/callmicroservice/faceMiniSearch],methods=[POST || GET]}" onto public java.util.List<com.eyecool.abis.callmicroservice.common.FaceSearchResult> com.eyecool.service.web.controller.CallMicroserviceController.faceMiniSearch()
14:28:44.406 [main] INFO  o.s.w.s.m.m.a.RequestMappingHandlerMapping - [register,547] - Mapped "{[/test/callmicroservice/faceVideoLivenessDetection],methods=[POST || GET]}" onto public boolean com.eyecool.service.web.controller.CallMicroserviceController.faceVideoLivenessDetection()
14:28:44.407 [main] INFO  o.s.w.s.m.m.a.RequestMappingHandlerMapping - [register,547] - Mapped "{[/test/callmicroservice/faceImageLivenessDetection],methods=[POST || GET]}" onto public boolean com.eyecool.service.web.controller.CallMicroserviceController.faceImageLivenessDetection()
14:28:44.408 [main] INFO  o.s.w.s.m.m.a.RequestMappingHandlerMapping - [register,547] - Mapped "{[/test/callmicroservice/multiFaceDetection],methods=[POST || GET]}" onto public int com.eyecool.service.web.controller.CallMicroserviceController.multiFaceDetection()
14:28:44.408 [main] INFO  o.s.w.s.m.m.a.RequestMappingHandlerMapping - [register,547] - Mapped "{[/test/callmicroservice/fingerMatch],methods=[POST || GET]}" onto public java.util.Map<java.lang.String, java.lang.Object> com.eyecool.service.web.controller.CallMicroserviceController.fingerMatch()
14:28:44.409 [main] INFO  o.s.w.s.m.m.a.RequestMappingHandlerMapping - [register,547] - Mapped "{[/test/callmicroservice/fingerExteaction],methods=[POST || GET]}" onto public java.util.Map<java.lang.String, java.lang.Object> com.eyecool.service.web.controller.CallMicroserviceController.fingerExteaction()
14:28:44.410 [main] INFO  o.s.w.s.m.m.a.RequestMappingHandlerMapping - [register,547] - Mapped "{[/test/callmicroservice/extractIrisFeature],methods=[POST || GET]}" onto public java.util.Map<java.lang.String, java.lang.Object> com.eyecool.service.web.controller.CallMicroserviceController.extractIrisFeature()
14:28:44.410 [main] INFO  o.s.w.s.m.m.a.RequestMappingHandlerMapping - [register,547] - Mapped "{[/test/callmicroservice/fingerMiniSearch],methods=[POST || GET]}" onto public java.util.Map<java.lang.String, java.lang.Object> com.eyecool.service.web.controller.CallMicroserviceController.fingerMiniSearch()
14:28:44.411 [main] INFO  o.s.w.s.m.m.a.RequestMappingHandlerMapping - [register,547] - Mapped "{[/test/callmicroservice/irisMatch],methods=[POST || GET]}" onto public java.util.Map<java.lang.String, java.lang.Object> com.eyecool.service.web.controller.CallMicroserviceController.irisMatch()
14:28:44.411 [main] INFO  o.s.w.s.m.m.a.RequestMappingHandlerMapping - [register,547] - Mapped "{[/test/callmicroservice/irisMiniSearch],methods=[POST || GET]}" onto public java.util.Map<java.lang.String, java.lang.Object> com.eyecool.service.web.controller.CallMicroserviceController.irisMiniSearch()
14:28:44.415 [main] INFO  o.s.w.s.m.m.a.RequestMappingHandlerMapping - [register,547] - Mapped "{[/test/list],methods=[GET]}" onto public java.util.List<java.lang.String> com.eyecool.service.web.controller.TestController.getList()
14:28:44.421 [main] INFO  o.s.w.s.m.m.a.RequestMappingHandlerMapping - [register,547] - Mapped "{[/callmicroservice/faceExteaction],methods=[POST || GET]}" onto public com.eyecool.service.web.model.ResultMsg com.eyecool.service.web.controller.WebController.faceExteaction(java.lang.String)
14:28:44.421 [main] INFO  o.s.w.s.m.m.a.RequestMappingHandlerMapping - [register,547] - Mapped "{[/callmicroservice/faceMatch],methods=[POST || GET]}" onto public com.eyecool.service.web.model.ResultMsg com.eyecool.service.web.controller.WebController.faceMatch(java.lang.String,java.lang.String)
14:28:44.422 [main] INFO  o.s.w.s.m.m.a.RequestMappingHandlerMapping - [register,547] - Mapped "{[/callmicroservice/faceMiniSearch],methods=[POST || GET]}" onto public com.eyecool.service.web.model.ResultMsg com.eyecool.service.web.controller.WebController.faceMiniSearch(java.lang.String,java.lang.String,java.lang.Double,java.lang.Integer)
14:28:44.423 [main] INFO  o.s.w.s.m.m.a.RequestMappingHandlerMapping - [register,547] - Mapped "{[/callmicroservice/reFaceMiniSearch],methods=[POST || GET]}" onto public com.eyecool.service.web.model.ResultMsg com.eyecool.service.web.controller.WebController.reFaceMiniSearch(java.lang.String,java.lang.String,java.lang.String,java.lang.Double,java.lang.Integer)
14:28:44.423 [main] INFO  o.s.w.s.m.m.a.RequestMappingHandlerMapping - [register,547] - Mapped "{[/callmicroservice/faceImageLivenessDetection],methods=[POST || GET]}" onto public com.eyecool.service.web.model.ResultMsg com.eyecool.service.web.controller.WebController.faceImageLivenessDetection(java.lang.String,java.lang.Double)
14:28:44.424 [main] INFO  o.s.w.s.m.m.a.RequestMappingHandlerMapping - [register,547] - Mapped "{[/callmicroservice/multiFaceDetection],methods=[POST || GET]}" onto public com.eyecool.service.web.model.ResultMsg com.eyecool.service.web.controller.WebController.multiFaceDetection(java.lang.String)
14:28:44.425 [main] INFO  o.s.w.s.m.m.a.RequestMappingHandlerMapping - [register,547] - Mapped "{[/callmicroservice/fingerMatch],methods=[POST || GET]}" onto public com.eyecool.service.web.model.ResultMsg com.eyecool.service.web.controller.WebController.fingerMatch(java.util.List<java.lang.String>)
14:28:44.425 [main] INFO  o.s.w.s.m.m.a.RequestMappingHandlerMapping - [register,547] - Mapped "{[/callmicroservice/fingerExteaction],methods=[POST || GET]}" onto public com.eyecool.service.web.model.ResultMsg com.eyecool.service.web.controller.WebController.fingerExteaction(java.lang.String)
14:28:44.426 [main] INFO  o.s.w.s.m.m.a.RequestMappingHandlerMapping - [register,547] - Mapped "{[/callmicroservice/extractIrisFeature],methods=[POST || GET]}" onto public com.eyecool.service.web.model.ResultMsg com.eyecool.service.web.controller.WebController.extractIrisFeature(java.lang.String)
14:28:44.450 [main] INFO  o.s.w.s.m.m.a.RequestMappingHandlerMapping - [register,547] - Mapped "{[/callmicroservice/fingerMiniSearch],methods=[POST || GET]}" onto public com.eyecool.service.web.model.ResultMsg com.eyecool.service.web.controller.WebController.fingerMiniSearch(java.lang.String,java.lang.String,java.lang.Double,java.lang.Integer)
14:28:44.453 [main] INFO  o.s.w.s.m.m.a.RequestMappingHandlerMapping - [register,547] - Mapped "{[/callmicroservice/irisMatch],methods=[POST || GET]}" onto public com.eyecool.service.web.model.ResultMsg com.eyecool.service.web.controller.WebController.irisMatch(java.util.List<java.lang.String>)
14:28:44.454 [main] INFO  o.s.w.s.m.m.a.RequestMappingHandlerMapping - [register,547] - Mapped "{[/callmicroservice/irisMiniSearch],methods=[POST || GET]}" onto public com.eyecool.service.web.model.ResultMsg com.eyecool.service.web.controller.WebController.irisMiniSearch(java.lang.String,java.lang.String,java.lang.String,java.lang.Double,java.lang.Integer)
14:28:44.455 [main] INFO  o.s.w.s.m.m.a.RequestMappingHandlerMapping - [register,547] - Mapped "{[/callmicroservice/faceExteactionJson],methods=[POST || GET]}" onto public com.eyecool.service.web.model.ResultMsg com.eyecool.service.web.controller.WebController.faceExteactionJson(java.lang.String)
14:28:44.456 [main] INFO  o.s.w.s.m.m.a.RequestMappingHandlerMapping - [register,547] - Mapped "{[/callmicroservice/faceMatchList],methods=[POST || GET]}" onto public com.eyecool.service.web.model.ResultMsg com.eyecool.service.web.controller.WebController.faceMatchList(java.util.List<java.lang.String>)
14:28:44.457 [main] INFO  o.s.w.s.m.m.a.RequestMappingHandlerMapping - [register,547] - Mapped "{[/callmicroservice/faceImageLivenessDetectionJson],methods=[POST || GET]}" onto public com.eyecool.service.web.model.ResultMsg com.eyecool.service.web.controller.WebController.faceImageLivenessDetectionJson(java.lang.String)
14:28:44.462 [main] INFO  o.s.w.s.m.m.a.RequestMappingHandlerMapping - [register,547] - Mapped "{[/error]}" onto public org.springframework.http.ResponseEntity<java.util.Map<java.lang.String, java.lang.Object>> org.springframework.boot.autoconfigure.web.servlet.error.BasicErrorController.error(javax.servlet.http.HttpServletRequest)
14:28:44.464 [main] INFO  o.s.w.s.m.m.a.RequestMappingHandlerMapping - [register,547] - Mapped "{[/error],produces=[text/html]}" onto public org.springframework.web.servlet.ModelAndView org.springframework.boot.autoconfigure.web.servlet.error.BasicErrorController.errorHtml(javax.servlet.http.HttpServletRequest,javax.servlet.http.HttpServletResponse)
14:28:44.623 [main] INFO  o.s.w.s.h.SimpleUrlHandlerMapping - [registerHandler,373] - Mapped URL path [/webjars/**] onto handler of type [class org.springframework.web.servlet.resource.ResourceHttpRequestHandler]
14:28:44.624 [main] INFO  o.s.w.s.h.SimpleUrlHandlerMapping - [registerHandler,373] - Mapped URL path [/**] onto handler of type [class org.springframework.web.servlet.resource.ResourceHttpRequestHandler]
14:28:44.973 [main] INFO  o.s.j.d.e.EmbeddedDatabaseFactory - [initDatabase,189] - Starting embedded database: url='jdbc:h2:mem:testdb;DB_CLOSE_DELAY=-1;DB_CLOSE_ON_EXIT=false', username='sa'
14:28:45.239 [main] INFO  o.s.j.d.e.EmbeddedDatabaseFactory - [initDatabase,189] - Starting embedded database: url='jdbc:h2:mem:testdb;DB_CLOSE_DELAY=-1;DB_CLOSE_ON_EXIT=false', username='sa'
14:28:45.939 [main] INFO  o.s.s.a.ScheduledAnnotationBeanPostProcessor - [finishRegistration,275] - No TaskScheduler/ScheduledExecutorService bean found for scheduled processing
14:28:45.955 [main] INFO  c.e.s.w.SpringbootDemoApplicationTests - [logStarted,59] - Started SpringbootDemoApplicationTests in 10.35 seconds (JVM running for 13.425)
14:28:45.958 [main] INFO  c.e.s.w.r.ApplicationRunnerImpl - [run,27] - =======Face-Service-Web-eyecool  is running=======
14:28:46.167 [main] INFO  o.s.s.a.ScheduledAnnotationBeanPostProcessor - [finishRegistration,275] - No TaskScheduler/ScheduledExecutorService bean found for scheduled processing
14:28:46.222 [main] INFO  c.e.s.w.SpringbootDemoApplicationTests - [logStarted,59] - Started SpringbootDemoApplicationTests in 10.305 seconds (JVM running for 13.403)
14:28:46.224 [main] INFO  c.e.s.w.r.ApplicationRunnerImpl - [run,27] - =======Face-Service-Web-eyecool  is running=======
14:28:46.228 [Thread-2] INFO  o.s.w.c.s.GenericWebApplicationContext - [doClose,993] - Closing org.springframework.web.context.support.GenericWebApplicationContext@d278d2b: startup date [Tue Sep 01 14:28:37 CST 2020]; root of context hierarchy
14:28:46.231 [Thread-2] INFO  o.s.j.d.e.EmbeddedDatabaseFactory - [shutdownDatabase,220] - Shutting down embedded database: url='jdbc:h2:mem:testdb;DB_CLOSE_DELAY=-1;DB_CLOSE_ON_EXIT=false'
14:28:46.405 [Thread-2] INFO  o.s.w.c.s.GenericWebApplicationContext - [doClose,993] - Closing org.springframework.web.context.support.GenericWebApplicationContext@d278d2b: startup date [Tue Sep 01 14:28:37 CST 2020]; root of context hierarchy
14:28:46.408 [Thread-2] INFO  o.s.j.d.e.EmbeddedDatabaseFactory - [shutdownDatabase,220] - Shutting down embedded database: url='jdbc:h2:mem:testdb;DB_CLOSE_DELAY=-1;DB_CLOSE_ON_EXIT=false'
14:29:00.633 [main] INFO  o.s.b.t.c.SpringBootTestContextBootstrapper - [buildDefaultMergedContextConfiguration,308] - Neither @ContextConfiguration nor @ContextHierarchy found for test class [com.eyecool.service.web.SpringbootDemoApplicationTests], using SpringBootContextLoader
14:29:00.639 [main] INFO  o.s.t.c.s.AbstractContextLoader - [generateDefaultLocations,264] - Could not detect default resource locations for test class [com.eyecool.service.web.SpringbootDemoApplicationTests]: no resource found for suffixes {-context.xml, Context.groovy}.
14:29:00.640 [main] INFO  o.s.t.c.s.AnnotationConfigContextLoaderUtils - [detectDefaultConfigurationClasses,83] - Could not detect default configuration classes for test class [com.eyecool.service.web.SpringbootDemoApplicationTests]: SpringbootDemoApplicationTests does not declare any static, non-private, non-final, nested classes annotated with @Configuration.
14:29:00.800 [main] INFO  o.s.b.t.c.SpringBootTestContextBootstrapper - [getOrFindConfigurationClasses,244] - Found @SpringBootConfiguration com.eyecool.service.web.ServiceWebApplication for test class com.eyecool.service.web.SpringbootDemoApplicationTests
14:29:00.960 [main] INFO  o.s.b.t.c.SpringBootTestContextBootstrapper - [getDefaultTestExecutionListenerClassNames,248] - Loaded default TestExecutionListener class names from location [META-INF/spring.factories]: [org.springframework.boot.test.mock.mockito.MockitoTestExecutionListener, org.springframework.boot.test.mock.mockito.ResetMocksTestExecutionListener, org.springframework.boot.test.autoconfigure.restdocs.RestDocsTestExecutionListener, org.springframework.boot.test.autoconfigure.web.client.MockRestServiceServerResetTestExecutionListener, org.springframework.boot.test.autoconfigure.web.servlet.MockMvcPrintOnlyOnFailureTestExecutionListener, org.springframework.boot.test.autoconfigure.web.servlet.WebDriverTestExecutionListener, org.springframework.test.context.web.ServletTestExecutionListener, org.springframework.test.context.support.DirtiesContextBeforeModesTestExecutionListener, org.springframework.test.context.support.DependencyInjectionTestExecutionListener, org.springframework.test.context.support.DirtiesContextTestExecutionListener, org.springframework.test.context.transaction.TransactionalTestExecutionListener, org.springframework.test.context.jdbc.SqlScriptsTestExecutionListener]
14:29:00.979 [main] INFO  o.s.b.t.c.SpringBootTestContextBootstrapper - [getTestExecutionListeners,177] - Using TestExecutionListeners: [org.springframework.test.context.web.ServletTestExecutionListener@70e9c95d, org.springframework.test.context.support.DirtiesContextBeforeModesTestExecutionListener@4d5650ae, org.springframework.boot.test.mock.mockito.MockitoTestExecutionListener@a38c7fe, org.springframework.boot.test.autoconfigure.SpringBootDependencyInjectionTestExecutionListener@6fdbe764, org.springframework.test.context.support.DirtiesContextTestExecutionListener@51c668e3, org.springframework.test.context.transaction.TransactionalTestExecutionListener@2e6a8155, org.springframework.test.context.jdbc.SqlScriptsTestExecutionListener@6221a451, org.springframework.boot.test.mock.mockito.ResetMocksTestExecutionListener@52719fb6, org.springframework.boot.test.autoconfigure.restdocs.RestDocsTestExecutionListener@3012646b, org.springframework.boot.test.autoconfigure.web.client.MockRestServiceServerResetTestExecutionListener@4a883b15, org.springframework.boot.test.autoconfigure.web.servlet.MockMvcPrintOnlyOnFailureTestExecutionListener@25641d39, org.springframework.boot.test.autoconfigure.web.servlet.WebDriverTestExecutionListener@7b36aa0c]
14:29:01.547 [main] INFO  c.e.s.w.SpringbootDemoApplicationTests - [logStarting,50] - Starting SpringbootDemoApplicationTests on computer.local with PID 14841 (started by dcmsy in /Users/dcmsy/idea-workspace/eyecool-mirco-service-web)
14:29:01.555 [main] INFO  c.e.s.w.SpringbootDemoApplicationTests - [logStartupProfileInfo,659] - No active profile set, falling back to default profiles: default
14:29:01.961 [main] INFO  o.s.w.c.s.GenericWebApplicationContext - [prepareRefresh,590] - Refreshing org.springframework.web.context.support.GenericWebApplicationContext@573906eb: startup date [Tue Sep 01 14:29:01 CST 2020]; root of context hierarchy
14:29:02.750 [main] INFO  o.s.b.f.x.XmlBeanDefinitionReader - [loadBeanDefinitions,316] - Loading XML bean definitions from URL [file:/Users/dcmsy/idea-workspace/eyecool-mirco-service-web/target/classes/minisearch.xml]
14:29:03.409 [main] INFO  c.e.g.a.GrpcServicesBeanFactoryPostProcessor - [postProcessBeanFactory,47] - Trying to enhance bean factory(org.springframework.beans.factory.support.DefaultListableBeanFactory)
14:29:03.411 [main] INFO  c.e.g.a.GrpcServicesBeanFactoryPostProcessor - [postProcessBeanFactory,52] - Enhanced bean factory(org.springframework.beans.factory.support.DefaultListableBeanFactory) for Grpc Client Autowired.
14:29:03.426 [main] INFO  o.s.b.f.a.AutowiredAnnotationBeanPostProcessor - [<init>,154] - JSR-330 'javax.inject.Inject' annotation found and supported for autowiring
14:29:03.688 [main] INFO  c.e.g.a.GrpcServicesBeanFactoryPostProcessor - [getSuggestedValue,91] - grpc settings: cn.eyecool.grpc.autoconfiguration.GrpcServicesConfiguration@6c0e13b7
14:29:04.498 [main] INFO  o.s.w.s.h.SimpleUrlHandlerMapping - [registerHandler,373] - Mapped URL path [/**/favicon.ico] onto handler of type [class org.springframework.web.servlet.resource.ResourceHttpRequestHandler]
14:29:04.690 [main] INFO  o.s.w.s.m.m.a.RequestMappingHandlerAdapter - [initControllerAdviceCache,574] - Looking for @ControllerAdvice: org.springframework.web.context.support.GenericWebApplicationContext@573906eb: startup date [Tue Sep 01 14:29:01 CST 2020]; root of context hierarchy
14:29:04.781 [main] INFO  o.s.w.s.m.m.a.RequestMappingHandlerMapping - [register,547] - Mapped "{[/test/callmicroservice/load],methods=[POST || GET]}" onto public java.util.Map<java.lang.String, java.lang.Object> com.eyecool.service.web.controller.CallMicroserviceController.load()
14:29:04.782 [main] INFO  o.s.w.s.m.m.a.RequestMappingHandlerMapping - [register,547] - Mapped "{[/test/callmicroservice/faceExteaction],methods=[POST || GET]}" onto public com.eyecool.abis.callmicroservice.common.FaceExtractResult com.eyecool.service.web.controller.CallMicroserviceController.faceExteaction()
14:29:04.783 [main] INFO  o.s.w.s.m.m.a.RequestMappingHandlerMapping - [register,547] - Mapped "{[/test/callmicroservice/faceMatch],methods=[POST || GET]}" onto public java.util.List<com.eyecool.abis.callmicroservice.common.MatchBean> com.eyecool.service.web.controller.CallMicroserviceController.faceMatch()
14:29:04.784 [main] INFO  o.s.w.s.m.m.a.RequestMappingHandlerMapping - [register,547] - Mapped "{[/test/callmicroservice/faceMiniSearch],methods=[POST || GET]}" onto public java.util.List<com.eyecool.abis.callmicroservice.common.FaceSearchResult> com.eyecool.service.web.controller.CallMicroserviceController.faceMiniSearch()
14:29:04.785 [main] INFO  o.s.w.s.m.m.a.RequestMappingHandlerMapping - [register,547] - Mapped "{[/test/callmicroservice/faceVideoLivenessDetection],methods=[POST || GET]}" onto public boolean com.eyecool.service.web.controller.CallMicroserviceController.faceVideoLivenessDetection()
14:29:04.786 [main] INFO  o.s.w.s.m.m.a.RequestMappingHandlerMapping - [register,547] - Mapped "{[/test/callmicroservice/faceImageLivenessDetection],methods=[POST || GET]}" onto public boolean com.eyecool.service.web.controller.CallMicroserviceController.faceImageLivenessDetection()
14:29:04.787 [main] INFO  o.s.w.s.m.m.a.RequestMappingHandlerMapping - [register,547] - Mapped "{[/test/callmicroservice/multiFaceDetection],methods=[POST || GET]}" onto public int com.eyecool.service.web.controller.CallMicroserviceController.multiFaceDetection()
14:29:04.787 [main] INFO  o.s.w.s.m.m.a.RequestMappingHandlerMapping - [register,547] - Mapped "{[/test/callmicroservice/fingerMatch],methods=[POST || GET]}" onto public java.util.Map<java.lang.String, java.lang.Object> com.eyecool.service.web.controller.CallMicroserviceController.fingerMatch()
14:29:04.788 [main] INFO  o.s.w.s.m.m.a.RequestMappingHandlerMapping - [register,547] - Mapped "{[/test/callmicroservice/fingerExteaction],methods=[POST || GET]}" onto public java.util.Map<java.lang.String, java.lang.Object> com.eyecool.service.web.controller.CallMicroserviceController.fingerExteaction()
14:29:04.788 [main] INFO  o.s.w.s.m.m.a.RequestMappingHandlerMapping - [register,547] - Mapped "{[/test/callmicroservice/extractIrisFeature],methods=[POST || GET]}" onto public java.util.Map<java.lang.String, java.lang.Object> com.eyecool.service.web.controller.CallMicroserviceController.extractIrisFeature()
14:29:04.789 [main] INFO  o.s.w.s.m.m.a.RequestMappingHandlerMapping - [register,547] - Mapped "{[/test/callmicroservice/fingerMiniSearch],methods=[POST || GET]}" onto public java.util.Map<java.lang.String, java.lang.Object> com.eyecool.service.web.controller.CallMicroserviceController.fingerMiniSearch()
14:29:04.790 [main] INFO  o.s.w.s.m.m.a.RequestMappingHandlerMapping - [register,547] - Mapped "{[/test/callmicroservice/irisMatch],methods=[POST || GET]}" onto public java.util.Map<java.lang.String, java.lang.Object> com.eyecool.service.web.controller.CallMicroserviceController.irisMatch()
14:29:04.793 [main] INFO  o.s.w.s.m.m.a.RequestMappingHandlerMapping - [register,547] - Mapped "{[/test/callmicroservice/irisMiniSearch],methods=[POST || GET]}" onto public java.util.Map<java.lang.String, java.lang.Object> com.eyecool.service.web.controller.CallMicroserviceController.irisMiniSearch()
14:29:04.796 [main] INFO  o.s.w.s.m.m.a.RequestMappingHandlerMapping - [register,547] - Mapped "{[/test/list],methods=[GET]}" onto public java.util.List<java.lang.String> com.eyecool.service.web.controller.TestController.getList()
14:29:04.804 [main] INFO  o.s.w.s.m.m.a.RequestMappingHandlerMapping - [register,547] - Mapped "{[/callmicroservice/faceExteaction],methods=[POST || GET]}" onto public com.eyecool.service.web.model.ResultMsg com.eyecool.service.web.controller.WebController.faceExteaction(java.lang.String)
14:29:04.805 [main] INFO  o.s.w.s.m.m.a.RequestMappingHandlerMapping - [register,547] - Mapped "{[/callmicroservice/faceMatch],methods=[POST || GET]}" onto public com.eyecool.service.web.model.ResultMsg com.eyecool.service.web.controller.WebController.faceMatch(java.lang.String,java.lang.String)
14:29:04.805 [main] INFO  o.s.w.s.m.m.a.RequestMappingHandlerMapping - [register,547] - Mapped "{[/callmicroservice/faceMiniSearch],methods=[POST || GET]}" onto public com.eyecool.service.web.model.ResultMsg com.eyecool.service.web.controller.WebController.faceMiniSearch(java.lang.String,java.lang.String,java.lang.Double,java.lang.Integer)
14:29:04.810 [main] INFO  o.s.w.s.m.m.a.RequestMappingHandlerMapping - [register,547] - Mapped "{[/callmicroservice/reFaceMiniSearch],methods=[POST || GET]}" onto public com.eyecool.service.web.model.ResultMsg com.eyecool.service.web.controller.WebController.reFaceMiniSearch(java.lang.String,java.lang.String,java.lang.String,java.lang.Double,java.lang.Integer)
14:29:04.811 [main] INFO  o.s.w.s.m.m.a.RequestMappingHandlerMapping - [register,547] - Mapped "{[/callmicroservice/faceImageLivenessDetection],methods=[POST || GET]}" onto public com.eyecool.service.web.model.ResultMsg com.eyecool.service.web.controller.WebController.faceImageLivenessDetection(java.lang.String,java.lang.Double)
14:29:04.812 [main] INFO  o.s.w.s.m.m.a.RequestMappingHandlerMapping - [register,547] - Mapped "{[/callmicroservice/multiFaceDetection],methods=[POST || GET]}" onto public com.eyecool.service.web.model.ResultMsg com.eyecool.service.web.controller.WebController.multiFaceDetection(java.lang.String)
14:29:04.812 [main] INFO  o.s.w.s.m.m.a.RequestMappingHandlerMapping - [register,547] - Mapped "{[/callmicroservice/fingerMatch],methods=[POST || GET]}" onto public com.eyecool.service.web.model.ResultMsg com.eyecool.service.web.controller.WebController.fingerMatch(java.util.List<java.lang.String>)
14:29:04.813 [main] INFO  o.s.w.s.m.m.a.RequestMappingHandlerMapping - [register,547] - Mapped "{[/callmicroservice/fingerExteaction],methods=[POST || GET]}" onto public com.eyecool.service.web.model.ResultMsg com.eyecool.service.web.controller.WebController.fingerExteaction(java.lang.String)
14:29:04.814 [main] INFO  o.s.w.s.m.m.a.RequestMappingHandlerMapping - [register,547] - Mapped "{[/callmicroservice/extractIrisFeature],methods=[POST || GET]}" onto public com.eyecool.service.web.model.ResultMsg com.eyecool.service.web.controller.WebController.extractIrisFeature(java.lang.String)
14:29:04.815 [main] INFO  o.s.w.s.m.m.a.RequestMappingHandlerMapping - [register,547] - Mapped "{[/callmicroservice/fingerMiniSearch],methods=[POST || GET]}" onto public com.eyecool.service.web.model.ResultMsg com.eyecool.service.web.controller.WebController.fingerMiniSearch(java.lang.String,java.lang.String,java.lang.Double,java.lang.Integer)
14:29:04.815 [main] INFO  o.s.w.s.m.m.a.RequestMappingHandlerMapping - [register,547] - Mapped "{[/callmicroservice/irisMatch],methods=[POST || GET]}" onto public com.eyecool.service.web.model.ResultMsg com.eyecool.service.web.controller.WebController.irisMatch(java.util.List<java.lang.String>)
14:29:04.816 [main] INFO  o.s.w.s.m.m.a.RequestMappingHandlerMapping - [register,547] - Mapped "{[/callmicroservice/irisMiniSearch],methods=[POST || GET]}" onto public com.eyecool.service.web.model.ResultMsg com.eyecool.service.web.controller.WebController.irisMiniSearch(java.lang.String,java.lang.String,java.lang.String,java.lang.Double,java.lang.Integer)
14:29:04.817 [main] INFO  o.s.w.s.m.m.a.RequestMappingHandlerMapping - [register,547] - Mapped "{[/callmicroservice/faceExteactionJson],methods=[POST || GET]}" onto public com.eyecool.service.web.model.ResultMsg com.eyecool.service.web.controller.WebController.faceExteactionJson(java.lang.String)
14:29:04.819 [main] INFO  o.s.w.s.m.m.a.RequestMappingHandlerMapping - [register,547] - Mapped "{[/callmicroservice/faceMatchList],methods=[POST || GET]}" onto public com.eyecool.service.web.model.ResultMsg com.eyecool.service.web.controller.WebController.faceMatchList(java.util.List<java.lang.String>)
14:29:04.819 [main] INFO  o.s.w.s.m.m.a.RequestMappingHandlerMapping - [register,547] - Mapped "{[/callmicroservice/faceImageLivenessDetectionJson],methods=[POST || GET]}" onto public com.eyecool.service.web.model.ResultMsg com.eyecool.service.web.controller.WebController.faceImageLivenessDetectionJson(java.lang.String)
14:29:04.822 [main] INFO  o.s.w.s.m.m.a.RequestMappingHandlerMapping - [register,547] - Mapped "{[/error]}" onto public org.springframework.http.ResponseEntity<java.util.Map<java.lang.String, java.lang.Object>> org.springframework.boot.autoconfigure.web.servlet.error.BasicErrorController.error(javax.servlet.http.HttpServletRequest)
14:29:04.823 [main] INFO  o.s.w.s.m.m.a.RequestMappingHandlerMapping - [register,547] - Mapped "{[/error],produces=[text/html]}" onto public org.springframework.web.servlet.ModelAndView org.springframework.boot.autoconfigure.web.servlet.error.BasicErrorController.errorHtml(javax.servlet.http.HttpServletRequest,javax.servlet.http.HttpServletResponse)
14:29:04.867 [main] INFO  o.s.w.s.h.SimpleUrlHandlerMapping - [registerHandler,373] - Mapped URL path [/webjars/**] onto handler of type [class org.springframework.web.servlet.resource.ResourceHttpRequestHandler]
14:29:04.867 [main] INFO  o.s.w.s.h.SimpleUrlHandlerMapping - [registerHandler,373] - Mapped URL path [/**] onto handler of type [class org.springframework.web.servlet.resource.ResourceHttpRequestHandler]
14:29:05.131 [main] INFO  o.s.j.d.e.EmbeddedDatabaseFactory - [initDatabase,189] - Starting embedded database: url='jdbc:h2:mem:testdb;DB_CLOSE_DELAY=-1;DB_CLOSE_ON_EXIT=false', username='sa'
14:29:05.545 [main] INFO  o.s.s.a.ScheduledAnnotationBeanPostProcessor - [finishRegistration,275] - No TaskScheduler/ScheduledExecutorService bean found for scheduled processing
14:29:05.556 [main] INFO  c.e.s.w.SpringbootDemoApplicationTests - [logStarted,59] - Started SpringbootDemoApplicationTests in 4.529 seconds (JVM running for 5.719)
14:29:05.558 [main] INFO  c.e.s.w.r.ApplicationRunnerImpl - [run,27] - =======Face-Service-Web-eyecool  is running=======
14:29:05.696 [Thread-2] INFO  o.s.w.c.s.GenericWebApplicationContext - [doClose,993] - Closing org.springframework.web.context.support.GenericWebApplicationContext@573906eb: startup date [Tue Sep 01 14:29:01 CST 2020]; root of context hierarchy
14:29:05.700 [Thread-2] INFO  o.s.j.d.e.EmbeddedDatabaseFactory - [shutdownDatabase,220] - Shutting down embedded database: url='jdbc:h2:mem:testdb;DB_CLOSE_DELAY=-1;DB_CLOSE_ON_EXIT=false'
14:29:23.093 [main] INFO  o.s.b.t.c.SpringBootTestContextBootstrapper - [buildDefaultMergedContextConfiguration,308] - Neither @ContextConfiguration nor @ContextHierarchy found for test class [com.eyecool.service.web.SpringbootDemoApplicationTests], using SpringBootContextLoader
14:29:23.100 [main] INFO  o.s.t.c.s.AbstractContextLoader - [generateDefaultLocations,264] - Could not detect default resource locations for test class [com.eyecool.service.web.SpringbootDemoApplicationTests]: no resource found for suffixes {-context.xml, Context.groovy}.
14:29:23.101 [main] INFO  o.s.t.c.s.AnnotationConfigContextLoaderUtils - [detectDefaultConfigurationClasses,83] - Could not detect default configuration classes for test class [com.eyecool.service.web.SpringbootDemoApplicationTests]: SpringbootDemoApplicationTests does not declare any static, non-private, non-final, nested classes annotated with @Configuration.
14:29:23.222 [main] INFO  o.s.b.t.c.SpringBootTestContextBootstrapper - [getOrFindConfigurationClasses,244] - Found @SpringBootConfiguration com.eyecool.service.web.ServiceWebApplication for test class com.eyecool.service.web.SpringbootDemoApplicationTests
14:29:23.402 [main] INFO  o.s.b.t.c.SpringBootTestContextBootstrapper - [getDefaultTestExecutionListenerClassNames,248] - Loaded default TestExecutionListener class names from location [META-INF/spring.factories]: [org.springframework.boot.test.mock.mockito.MockitoTestExecutionListener, org.springframework.boot.test.mock.mockito.ResetMocksTestExecutionListener, org.springframework.boot.test.autoconfigure.restdocs.RestDocsTestExecutionListener, org.springframework.boot.test.autoconfigure.web.client.MockRestServiceServerResetTestExecutionListener, org.springframework.boot.test.autoconfigure.web.servlet.MockMvcPrintOnlyOnFailureTestExecutionListener, org.springframework.boot.test.autoconfigure.web.servlet.WebDriverTestExecutionListener, org.springframework.test.context.web.ServletTestExecutionListener, org.springframework.test.context.support.DirtiesContextBeforeModesTestExecutionListener, org.springframework.test.context.support.DependencyInjectionTestExecutionListener, org.springframework.test.context.support.DirtiesContextTestExecutionListener, org.springframework.test.context.transaction.TransactionalTestExecutionListener, org.springframework.test.context.jdbc.SqlScriptsTestExecutionListener]
14:29:23.421 [main] INFO  o.s.b.t.c.SpringBootTestContextBootstrapper - [getTestExecutionListeners,177] - Using TestExecutionListeners: [org.springframework.test.context.web.ServletTestExecutionListener@70e9c95d, org.springframework.test.context.support.DirtiesContextBeforeModesTestExecutionListener@4d5650ae, org.springframework.boot.test.mock.mockito.MockitoTestExecutionListener@a38c7fe, org.springframework.boot.test.autoconfigure.SpringBootDependencyInjectionTestExecutionListener@6fdbe764, org.springframework.test.context.support.DirtiesContextTestExecutionListener@51c668e3, org.springframework.test.context.transaction.TransactionalTestExecutionListener@2e6a8155, org.springframework.test.context.jdbc.SqlScriptsTestExecutionListener@6221a451, org.springframework.boot.test.mock.mockito.ResetMocksTestExecutionListener@52719fb6, org.springframework.boot.test.autoconfigure.restdocs.RestDocsTestExecutionListener@3012646b, org.springframework.boot.test.autoconfigure.web.client.MockRestServiceServerResetTestExecutionListener@4a883b15, org.springframework.boot.test.autoconfigure.web.servlet.MockMvcPrintOnlyOnFailureTestExecutionListener@25641d39, org.springframework.boot.test.autoconfigure.web.servlet.WebDriverTestExecutionListener@7b36aa0c]
14:29:23.852 [main] INFO  c.e.s.w.SpringbootDemoApplicationTests - [logStarting,50] - Starting SpringbootDemoApplicationTests on computer.local with PID 14858 (started by dcmsy in /Users/dcmsy/idea-workspace/eyecool-mirco-service-web)
14:29:23.853 [main] INFO  c.e.s.w.SpringbootDemoApplicationTests - [logStartupProfileInfo,659] - No active profile set, falling back to default profiles: default
14:29:24.250 [main] INFO  o.s.w.c.s.GenericWebApplicationContext - [prepareRefresh,590] - Refreshing org.springframework.web.context.support.GenericWebApplicationContext@573906eb: startup date [Tue Sep 01 14:29:24 CST 2020]; root of context hierarchy
14:29:24.968 [main] INFO  o.s.b.f.x.XmlBeanDefinitionReader - [loadBeanDefinitions,316] - Loading XML bean definitions from URL [file:/Users/dcmsy/idea-workspace/eyecool-mirco-service-web/target/classes/minisearch.xml]
14:29:25.623 [main] INFO  c.e.g.a.GrpcServicesBeanFactoryPostProcessor - [postProcessBeanFactory,47] - Trying to enhance bean factory(org.springframework.beans.factory.support.DefaultListableBeanFactory)
14:29:25.625 [main] INFO  c.e.g.a.GrpcServicesBeanFactoryPostProcessor - [postProcessBeanFactory,52] - Enhanced bean factory(org.springframework.beans.factory.support.DefaultListableBeanFactory) for Grpc Client Autowired.
14:29:25.640 [main] INFO  o.s.b.f.a.AutowiredAnnotationBeanPostProcessor - [<init>,154] - JSR-330 'javax.inject.Inject' annotation found and supported for autowiring
14:29:25.865 [main] INFO  c.e.g.a.GrpcServicesBeanFactoryPostProcessor - [getSuggestedValue,91] - grpc settings: cn.eyecool.grpc.autoconfiguration.GrpcServicesConfiguration@2cae9b8
14:29:26.677 [main] INFO  o.s.w.s.h.SimpleUrlHandlerMapping - [registerHandler,373] - Mapped URL path [/**/favicon.ico] onto handler of type [class org.springframework.web.servlet.resource.ResourceHttpRequestHandler]
14:29:26.912 [main] INFO  o.s.w.s.m.m.a.RequestMappingHandlerAdapter - [initControllerAdviceCache,574] - Looking for @ControllerAdvice: org.springframework.web.context.support.GenericWebApplicationContext@573906eb: startup date [Tue Sep 01 14:29:24 CST 2020]; root of context hierarchy
14:29:26.992 [main] INFO  o.s.w.s.m.m.a.RequestMappingHandlerMapping - [register,547] - Mapped "{[/test/callmicroservice/load],methods=[POST || GET]}" onto public java.util.Map<java.lang.String, java.lang.Object> com.eyecool.service.web.controller.CallMicroserviceController.load()
14:29:26.994 [main] INFO  o.s.w.s.m.m.a.RequestMappingHandlerMapping - [register,547] - Mapped "{[/test/callmicroservice/faceExteaction],methods=[POST || GET]}" onto public com.eyecool.abis.callmicroservice.common.FaceExtractResult com.eyecool.service.web.controller.CallMicroserviceController.faceExteaction()
14:29:26.995 [main] INFO  o.s.w.s.m.m.a.RequestMappingHandlerMapping - [register,547] - Mapped "{[/test/callmicroservice/faceMatch],methods=[POST || GET]}" onto public java.util.List<com.eyecool.abis.callmicroservice.common.MatchBean> com.eyecool.service.web.controller.CallMicroserviceController.faceMatch()
14:29:26.995 [main] INFO  o.s.w.s.m.m.a.RequestMappingHandlerMapping - [register,547] - Mapped "{[/test/callmicroservice/faceMiniSearch],methods=[POST || GET]}" onto public java.util.List<com.eyecool.abis.callmicroservice.common.FaceSearchResult> com.eyecool.service.web.controller.CallMicroserviceController.faceMiniSearch()
14:29:26.996 [main] INFO  o.s.w.s.m.m.a.RequestMappingHandlerMapping - [register,547] - Mapped "{[/test/callmicroservice/faceVideoLivenessDetection],methods=[POST || GET]}" onto public boolean com.eyecool.service.web.controller.CallMicroserviceController.faceVideoLivenessDetection()
14:29:26.997 [main] INFO  o.s.w.s.m.m.a.RequestMappingHandlerMapping - [register,547] - Mapped "{[/test/callmicroservice/faceImageLivenessDetection],methods=[POST || GET]}" onto public boolean com.eyecool.service.web.controller.CallMicroserviceController.faceImageLivenessDetection()
14:29:26.997 [main] INFO  o.s.w.s.m.m.a.RequestMappingHandlerMapping - [register,547] - Mapped "{[/test/callmicroservice/multiFaceDetection],methods=[POST || GET]}" onto public int com.eyecool.service.web.controller.CallMicroserviceController.multiFaceDetection()
14:29:26.998 [main] INFO  o.s.w.s.m.m.a.RequestMappingHandlerMapping - [register,547] - Mapped "{[/test/callmicroservice/fingerExteaction],methods=[POST || GET]}" onto public java.util.Map<java.lang.String, java.lang.Object> com.eyecool.service.web.controller.CallMicroserviceController.fingerExteaction()
14:29:26.998 [main] INFO  o.s.w.s.m.m.a.RequestMappingHandlerMapping - [register,547] - Mapped "{[/test/callmicroservice/irisMatch],methods=[POST || GET]}" onto public java.util.Map<java.lang.String, java.lang.Object> com.eyecool.service.web.controller.CallMicroserviceController.irisMatch()
14:29:26.999 [main] INFO  o.s.w.s.m.m.a.RequestMappingHandlerMapping - [register,547] - Mapped "{[/test/callmicroservice/fingerMatch],methods=[POST || GET]}" onto public java.util.Map<java.lang.String, java.lang.Object> com.eyecool.service.web.controller.CallMicroserviceController.fingerMatch()
14:29:27.000 [main] INFO  o.s.w.s.m.m.a.RequestMappingHandlerMapping - [register,547] - Mapped "{[/test/callmicroservice/fingerMiniSearch],methods=[POST || GET]}" onto public java.util.Map<java.lang.String, java.lang.Object> com.eyecool.service.web.controller.CallMicroserviceController.fingerMiniSearch()
14:29:27.001 [main] INFO  o.s.w.s.m.m.a.RequestMappingHandlerMapping - [register,547] - Mapped "{[/test/callmicroservice/extractIrisFeature],methods=[POST || GET]}" onto public java.util.Map<java.lang.String, java.lang.Object> com.eyecool.service.web.controller.CallMicroserviceController.extractIrisFeature()
14:29:27.002 [main] INFO  o.s.w.s.m.m.a.RequestMappingHandlerMapping - [register,547] - Mapped "{[/test/callmicroservice/irisMiniSearch],methods=[POST || GET]}" onto public java.util.Map<java.lang.String, java.lang.Object> com.eyecool.service.web.controller.CallMicroserviceController.irisMiniSearch()
14:29:27.005 [main] INFO  o.s.w.s.m.m.a.RequestMappingHandlerMapping - [register,547] - Mapped "{[/test/list],methods=[GET]}" onto public java.util.List<java.lang.String> com.eyecool.service.web.controller.TestController.getList()
14:29:27.012 [main] INFO  o.s.w.s.m.m.a.RequestMappingHandlerMapping - [register,547] - Mapped "{[/callmicroservice/faceExteactionJson],methods=[POST || GET]}" onto public com.eyecool.service.web.model.ResultMsg com.eyecool.service.web.controller.WebController.faceExteactionJson(java.lang.String)
14:29:27.012 [main] INFO  o.s.w.s.m.m.a.RequestMappingHandlerMapping - [register,547] - Mapped "{[/callmicroservice/faceMatchList],methods=[POST || GET]}" onto public com.eyecool.service.web.model.ResultMsg com.eyecool.service.web.controller.WebController.faceMatchList(java.util.List<java.lang.String>)
14:29:27.014 [main] INFO  o.s.w.s.m.m.a.RequestMappingHandlerMapping - [register,547] - Mapped "{[/callmicroservice/faceImageLivenessDetectionJson],methods=[POST || GET]}" onto public com.eyecool.service.web.model.ResultMsg com.eyecool.service.web.controller.WebController.faceImageLivenessDetectionJson(java.lang.String)
14:29:27.015 [main] INFO  o.s.w.s.m.m.a.RequestMappingHandlerMapping - [register,547] - Mapped "{[/callmicroservice/faceExteaction],methods=[POST || GET]}" onto public com.eyecool.service.web.model.ResultMsg com.eyecool.service.web.controller.WebController.faceExteaction(java.lang.String)
14:29:27.016 [main] INFO  o.s.w.s.m.m.a.RequestMappingHandlerMapping - [register,547] - Mapped "{[/callmicroservice/faceMatch],methods=[POST || GET]}" onto public com.eyecool.service.web.model.ResultMsg com.eyecool.service.web.controller.WebController.faceMatch(java.lang.String,java.lang.String)
14:29:27.017 [main] INFO  o.s.w.s.m.m.a.RequestMappingHandlerMapping - [register,547] - Mapped "{[/callmicroservice/faceMiniSearch],methods=[POST || GET]}" onto public com.eyecool.service.web.model.ResultMsg com.eyecool.service.web.controller.WebController.faceMiniSearch(java.lang.String,java.lang.String,java.lang.Double,java.lang.Integer)
14:29:27.017 [main] INFO  o.s.w.s.m.m.a.RequestMappingHandlerMapping - [register,547] - Mapped "{[/callmicroservice/reFaceMiniSearch],methods=[POST || GET]}" onto public com.eyecool.service.web.model.ResultMsg com.eyecool.service.web.controller.WebController.reFaceMiniSearch(java.lang.String,java.lang.String,java.lang.String,java.lang.Double,java.lang.Integer)
14:29:27.018 [main] INFO  o.s.w.s.m.m.a.RequestMappingHandlerMapping - [register,547] - Mapped "{[/callmicroservice/faceImageLivenessDetection],methods=[POST || GET]}" onto public com.eyecool.service.web.model.ResultMsg com.eyecool.service.web.controller.WebController.faceImageLivenessDetection(java.lang.String,java.lang.Double)
14:29:27.018 [main] INFO  o.s.w.s.m.m.a.RequestMappingHandlerMapping - [register,547] - Mapped "{[/callmicroservice/multiFaceDetection],methods=[POST || GET]}" onto public com.eyecool.service.web.model.ResultMsg com.eyecool.service.web.controller.WebController.multiFaceDetection(java.lang.String)
14:29:27.019 [main] INFO  o.s.w.s.m.m.a.RequestMappingHandlerMapping - [register,547] - Mapped "{[/callmicroservice/fingerExteaction],methods=[POST || GET]}" onto public com.eyecool.service.web.model.ResultMsg com.eyecool.service.web.controller.WebController.fingerExteaction(java.lang.String)
14:29:27.020 [main] INFO  o.s.w.s.m.m.a.RequestMappingHandlerMapping - [register,547] - Mapped "{[/callmicroservice/irisMatch],methods=[POST || GET]}" onto public com.eyecool.service.web.model.ResultMsg com.eyecool.service.web.controller.WebController.irisMatch(java.util.List<java.lang.String>)
14:29:27.020 [main] INFO  o.s.w.s.m.m.a.RequestMappingHandlerMapping - [register,547] - Mapped "{[/callmicroservice/fingerMatch],methods=[POST || GET]}" onto public com.eyecool.service.web.model.ResultMsg com.eyecool.service.web.controller.WebController.fingerMatch(java.util.List<java.lang.String>)
14:29:27.021 [main] INFO  o.s.w.s.m.m.a.RequestMappingHandlerMapping - [register,547] - Mapped "{[/callmicroservice/fingerMiniSearch],methods=[POST || GET]}" onto public com.eyecool.service.web.model.ResultMsg com.eyecool.service.web.controller.WebController.fingerMiniSearch(java.lang.String,java.lang.String,java.lang.Double,java.lang.Integer)
14:29:27.022 [main] INFO  o.s.w.s.m.m.a.RequestMappingHandlerMapping - [register,547] - Mapped "{[/callmicroservice/extractIrisFeature],methods=[POST || GET]}" onto public com.eyecool.service.web.model.ResultMsg com.eyecool.service.web.controller.WebController.extractIrisFeature(java.lang.String)
14:29:27.022 [main] INFO  o.s.w.s.m.m.a.RequestMappingHandlerMapping - [register,547] - Mapped "{[/callmicroservice/irisMiniSearch],methods=[POST || GET]}" onto public com.eyecool.service.web.model.ResultMsg com.eyecool.service.web.controller.WebController.irisMiniSearch(java.lang.String,java.lang.String,java.lang.String,java.lang.Double,java.lang.Integer)
14:29:27.025 [main] INFO  o.s.w.s.m.m.a.RequestMappingHandlerMapping - [register,547] - Mapped "{[/error]}" onto public org.springframework.http.ResponseEntity<java.util.Map<java.lang.String, java.lang.Object>> org.springframework.boot.autoconfigure.web.servlet.error.BasicErrorController.error(javax.servlet.http.HttpServletRequest)
14:29:27.026 [main] INFO  o.s.w.s.m.m.a.RequestMappingHandlerMapping - [register,547] - Mapped "{[/error],produces=[text/html]}" onto public org.springframework.web.servlet.ModelAndView org.springframework.boot.autoconfigure.web.servlet.error.BasicErrorController.errorHtml(javax.servlet.http.HttpServletRequest,javax.servlet.http.HttpServletResponse)
14:29:27.064 [main] INFO  o.s.w.s.h.SimpleUrlHandlerMapping - [registerHandler,373] - Mapped URL path [/webjars/**] onto handler of type [class org.springframework.web.servlet.resource.ResourceHttpRequestHandler]
14:29:27.064 [main] INFO  o.s.w.s.h.SimpleUrlHandlerMapping - [registerHandler,373] - Mapped URL path [/**] onto handler of type [class org.springframework.web.servlet.resource.ResourceHttpRequestHandler]
14:29:27.406 [main] INFO  o.s.j.d.e.EmbeddedDatabaseFactory - [initDatabase,189] - Starting embedded database: url='jdbc:h2:mem:testdb;DB_CLOSE_DELAY=-1;DB_CLOSE_ON_EXIT=false', username='sa'
14:29:27.962 [main] INFO  o.s.s.a.ScheduledAnnotationBeanPostProcessor - [finishRegistration,275] - No TaskScheduler/ScheduledExecutorService bean found for scheduled processing
14:29:27.975 [main] INFO  c.e.s.w.SpringbootDemoApplicationTests - [logStarted,59] - Started SpringbootDemoApplicationTests in 4.523 seconds (JVM running for 5.578)
14:29:27.978 [main] INFO  c.e.s.w.r.ApplicationRunnerImpl - [run,27] - =======Face-Service-Web-eyecool  is running=======
14:29:28.132 [Thread-2] INFO  o.s.w.c.s.GenericWebApplicationContext - [doClose,993] - Closing org.springframework.web.context.support.GenericWebApplicationContext@573906eb: startup date [Tue Sep 01 14:29:24 CST 2020]; root of context hierarchy
14:29:28.136 [Thread-2] INFO  o.s.j.d.e.EmbeddedDatabaseFactory - [shutdownDatabase,220] - Shutting down embedded database: url='jdbc:h2:mem:testdb;DB_CLOSE_DELAY=-1;DB_CLOSE_ON_EXIT=false'
