10:05:19.066 [main] INFO  o.s.b.t.c.SpringBootTestContextBootstrapper - [buildDefaultMergedContextConfiguration,308] - Neither @ContextConfiguration nor @ContextHierarchy found for test class [com.eyecool.service.web.SpringbootDemoApplicationTests], using SpringBootContextLoader
10:05:19.078 [main] INFO  o.s.t.c.s.AbstractContextLoader - [generateDefaultLocations,264] - Could not detect default resource locations for test class [com.eyecool.service.web.SpringbootDemoApplicationTests]: no resource found for suffixes {-context.xml, Context.groovy}.
10:05:19.079 [main] INFO  o.s.t.c.s.AnnotationConfigContextLoaderUtils - [detectDefaultConfigurationClasses,83] - Could not detect default configuration classes for test class [com.eyecool.service.web.SpringbootDemoApplicationTests]: SpringbootDemoApplicationTests does not declare any static, non-private, non-final, nested classes annotated with @Configuration.
10:05:19.264 [main] INFO  o.s.b.t.c.SpringBootTestContextBootstrapper - [getOrFindConfigurationClasses,244] - Found @SpringBootConfiguration com.eyecool.service.web.ServiceWebApplication for test class com.eyecool.service.web.SpringbootDemoApplicationTests
10:05:19.462 [main] INFO  o.s.b.t.c.SpringBootTestContextBootstrapper - [getDefaultTestExecutionListenerClassNames,248] - Loaded default TestExecutionListener class names from location [META-INF/spring.factories]: [org.springframework.boot.test.mock.mockito.MockitoTestExecutionListener, org.springframework.boot.test.mock.mockito.ResetMocksTestExecutionListener, org.springframework.boot.test.autoconfigure.restdocs.RestDocsTestExecutionListener, org.springframework.boot.test.autoconfigure.web.client.MockRestServiceServerResetTestExecutionListener, org.springframework.boot.test.autoconfigure.web.servlet.MockMvcPrintOnlyOnFailureTestExecutionListener, org.springframework.boot.test.autoconfigure.web.servlet.WebDriverTestExecutionListener, org.springframework.test.context.web.ServletTestExecutionListener, org.springframework.test.context.support.DirtiesContextBeforeModesTestExecutionListener, org.springframework.test.context.support.DependencyInjectionTestExecutionListener, org.springframework.test.context.support.DirtiesContextTestExecutionListener, org.springframework.test.context.transaction.TransactionalTestExecutionListener, org.springframework.test.context.jdbc.SqlScriptsTestExecutionListener]
10:05:19.490 [main] INFO  o.s.b.t.c.SpringBootTestContextBootstrapper - [getTestExecutionListeners,177] - Using TestExecutionListeners: [org.springframework.test.context.web.ServletTestExecutionListener@537f60bf, org.springframework.test.context.support.DirtiesContextBeforeModesTestExecutionListener@5677323c, org.springframework.boot.test.mock.mockito.MockitoTestExecutionListener@18df8434, org.springframework.boot.test.autoconfigure.SpringBootDependencyInjectionTestExecutionListener@65c7a252, org.springframework.test.context.support.DirtiesContextTestExecutionListener@4d154ccd, org.springframework.test.context.transaction.TransactionalTestExecutionListener@229c6181, org.springframework.test.context.jdbc.SqlScriptsTestExecutionListener@4686afc2, org.springframework.boot.test.mock.mockito.ResetMocksTestExecutionListener@1e0b4072, org.springframework.boot.test.autoconfigure.restdocs.RestDocsTestExecutionListener@791f145a, org.springframework.boot.test.autoconfigure.web.client.MockRestServiceServerResetTestExecutionListener@38cee291, org.springframework.boot.test.autoconfigure.web.servlet.MockMvcPrintOnlyOnFailureTestExecutionListener@4b45a2f5, org.springframework.boot.test.autoconfigure.web.servlet.WebDriverTestExecutionListener@f09733f]
10:05:20.041 [main] INFO  c.e.s.w.SpringbootDemoApplicationTests - [logStarting,50] - Starting SpringbootDemoApplicationTests on computer.local with PID 13509 (started by dcmsy in /Users/dcmsy/idea-workspace/eyecool-mirco-service-web)
10:05:20.042 [main] INFO  c.e.s.w.SpringbootDemoApplicationTests - [logStartupProfileInfo,659] - No active profile set, falling back to default profiles: default
10:05:20.516 [main] INFO  o.s.w.c.s.GenericWebApplicationContext - [prepareRefresh,590] - Refreshing org.springframework.web.context.support.GenericWebApplicationContext@7ceb3185: startup date [Fri Oct 16 10:05:20 CST 2020]; root of context hierarchy
10:05:21.387 [main] INFO  o.s.b.f.x.XmlBeanDefinitionReader - [loadBeanDefinitions,316] - Loading XML bean definitions from URL [file:/Users/dcmsy/idea-workspace/eyecool-mirco-service-web/target/classes/minisearch.xml]
10:05:22.134 [main] INFO  c.e.g.a.GrpcServicesBeanFactoryPostProcessor - [postProcessBeanFactory,47] - Trying to enhance bean factory(org.springframework.beans.factory.support.DefaultListableBeanFactory)
10:05:22.136 [main] INFO  c.e.g.a.GrpcServicesBeanFactoryPostProcessor - [postProcessBeanFactory,52] - Enhanced bean factory(org.springframework.beans.factory.support.DefaultListableBeanFactory) for Grpc Client Autowired.
10:05:22.152 [main] INFO  o.s.b.f.a.AutowiredAnnotationBeanPostProcessor - [<init>,154] - JSR-330 'javax.inject.Inject' annotation found and supported for autowiring
10:05:22.548 [main] INFO  c.e.g.a.GrpcServicesBeanFactoryPostProcessor - [getSuggestedValue,91] - grpc settings: cn.eyecool.grpc.autoconfiguration.GrpcServicesConfiguration@a96d56c
10:05:23.450 [main] INFO  o.s.w.s.h.SimpleUrlHandlerMapping - [registerHandler,373] - Mapped URL path [/**/favicon.ico] onto handler of type [class org.springframework.web.servlet.resource.ResourceHttpRequestHandler]
10:05:23.673 [main] INFO  o.s.w.s.m.m.a.RequestMappingHandlerAdapter - [initControllerAdviceCache,574] - Looking for @ControllerAdvice: org.springframework.web.context.support.GenericWebApplicationContext@7ceb3185: startup date [Fri Oct 16 10:05:20 CST 2020]; root of context hierarchy
10:05:23.770 [main] INFO  o.s.w.s.m.m.a.RequestMappingHandlerMapping - [register,547] - Mapped "{[/test/callmicroservice/faceExteaction],methods=[POST || GET]}" onto public com.eyecool.abis.callmicroservice.common.FaceExtractResult com.eyecool.service.web.controller.CallMicroserviceController.faceExteaction()
10:05:23.771 [main] INFO  o.s.w.s.m.m.a.RequestMappingHandlerMapping - [register,547] - Mapped "{[/test/callmicroservice/faceMatch],methods=[POST || GET]}" onto public java.util.List<com.eyecool.abis.callmicroservice.common.MatchBean> com.eyecool.service.web.controller.CallMicroserviceController.faceMatch()
10:05:23.772 [main] INFO  o.s.w.s.m.m.a.RequestMappingHandlerMapping - [register,547] - Mapped "{[/test/callmicroservice/faceMiniSearch],methods=[POST || GET]}" onto public java.util.List<com.eyecool.abis.callmicroservice.common.FaceSearchResult> com.eyecool.service.web.controller.CallMicroserviceController.faceMiniSearch()
10:05:23.773 [main] INFO  o.s.w.s.m.m.a.RequestMappingHandlerMapping - [register,547] - Mapped "{[/test/callmicroservice/faceVideoLivenessDetection],methods=[POST || GET]}" onto public boolean com.eyecool.service.web.controller.CallMicroserviceController.faceVideoLivenessDetection()
10:05:23.774 [main] INFO  o.s.w.s.m.m.a.RequestMappingHandlerMapping - [register,547] - Mapped "{[/test/callmicroservice/faceImageLivenessDetection],methods=[POST || GET]}" onto public boolean com.eyecool.service.web.controller.CallMicroserviceController.faceImageLivenessDetection()
10:05:23.774 [main] INFO  o.s.w.s.m.m.a.RequestMappingHandlerMapping - [register,547] - Mapped "{[/test/callmicroservice/multiFaceDetection],methods=[POST || GET]}" onto public int com.eyecool.service.web.controller.CallMicroserviceController.multiFaceDetection()
10:05:23.775 [main] INFO  o.s.w.s.m.m.a.RequestMappingHandlerMapping - [register,547] - Mapped "{[/test/callmicroservice/fingerExteaction],methods=[POST || GET]}" onto public java.util.Map<java.lang.String, java.lang.Object> com.eyecool.service.web.controller.CallMicroserviceController.fingerExteaction()
10:05:23.775 [main] INFO  o.s.w.s.m.m.a.RequestMappingHandlerMapping - [register,547] - Mapped "{[/test/callmicroservice/fingerMatch],methods=[POST || GET]}" onto public java.util.Map<java.lang.String, java.lang.Object> com.eyecool.service.web.controller.CallMicroserviceController.fingerMatch()
10:05:23.776 [main] INFO  o.s.w.s.m.m.a.RequestMappingHandlerMapping - [register,547] - Mapped "{[/test/callmicroservice/fingerMiniSearch],methods=[POST || GET]}" onto public java.util.Map<java.lang.String, java.lang.Object> com.eyecool.service.web.controller.CallMicroserviceController.fingerMiniSearch()
10:05:23.777 [main] INFO  o.s.w.s.m.m.a.RequestMappingHandlerMapping - [register,547] - Mapped "{[/test/callmicroservice/extractIrisFeature],methods=[POST || GET]}" onto public java.util.Map<java.lang.String, java.lang.Object> com.eyecool.service.web.controller.CallMicroserviceController.extractIrisFeature()
10:05:23.777 [main] INFO  o.s.w.s.m.m.a.RequestMappingHandlerMapping - [register,547] - Mapped "{[/test/callmicroservice/irisMatch],methods=[POST || GET]}" onto public java.util.Map<java.lang.String, java.lang.Object> com.eyecool.service.web.controller.CallMicroserviceController.irisMatch()
10:05:23.778 [main] INFO  o.s.w.s.m.m.a.RequestMappingHandlerMapping - [register,547] - Mapped "{[/test/callmicroservice/irisMiniSearch],methods=[POST || GET]}" onto public java.util.Map<java.lang.String, java.lang.Object> com.eyecool.service.web.controller.CallMicroserviceController.irisMiniSearch()
10:05:23.779 [main] INFO  o.s.w.s.m.m.a.RequestMappingHandlerMapping - [register,547] - Mapped "{[/test/callmicroservice/load],methods=[POST || GET]}" onto public java.util.Map<java.lang.String, java.lang.Object> com.eyecool.service.web.controller.CallMicroserviceController.load()
10:05:23.782 [main] INFO  o.s.w.s.m.m.a.RequestMappingHandlerMapping - [register,547] - Mapped "{[/test/list],methods=[GET]}" onto public java.util.List<java.lang.String> com.eyecool.service.web.controller.TestController.getList()
10:05:23.789 [main] INFO  o.s.w.s.m.m.a.RequestMappingHandlerMapping - [register,547] - Mapped "{[/callmicroservice/faceExteaction],methods=[POST || GET]}" onto public com.eyecool.service.web.model.ResultMsg com.eyecool.service.web.controller.WebController.faceExteaction(java.lang.String)
10:05:23.789 [main] INFO  o.s.w.s.m.m.a.RequestMappingHandlerMapping - [register,547] - Mapped "{[/callmicroservice/faceMatch],methods=[POST || GET]}" onto public com.eyecool.service.web.model.ResultMsg com.eyecool.service.web.controller.WebController.faceMatch(java.lang.String,java.lang.String)
10:05:23.790 [main] INFO  o.s.w.s.m.m.a.RequestMappingHandlerMapping - [register,547] - Mapped "{[/callmicroservice/faceMiniSearch],methods=[POST || GET]}" onto public com.eyecool.service.web.model.ResultMsg com.eyecool.service.web.controller.WebController.faceMiniSearch(java.lang.String,java.lang.String,java.lang.Double,java.lang.Integer)
10:05:23.791 [main] INFO  o.s.w.s.m.m.a.RequestMappingHandlerMapping - [register,547] - Mapped "{[/callmicroservice/reFaceMiniSearch],methods=[POST || GET]}" onto public com.eyecool.service.web.model.ResultMsg com.eyecool.service.web.controller.WebController.reFaceMiniSearch(java.lang.String,java.lang.String,java.lang.String,java.lang.Double,java.lang.Integer)
10:05:23.791 [main] INFO  o.s.w.s.m.m.a.RequestMappingHandlerMapping - [register,547] - Mapped "{[/callmicroservice/doubleFaceMiniSearch],methods=[POST || GET]}" onto public com.eyecool.service.web.model.ResultMsg com.eyecool.service.web.controller.WebController.doubleFaceMiniSearch(java.lang.String,java.lang.String,java.lang.String,java.lang.Double,java.lang.Integer)
10:05:23.792 [main] INFO  o.s.w.s.m.m.a.RequestMappingHandlerMapping - [register,547] - Mapped "{[/callmicroservice/faceImageLivenessDetection],methods=[POST || GET]}" onto public com.eyecool.service.web.model.ResultMsg com.eyecool.service.web.controller.WebController.faceImageLivenessDetection(java.lang.String,java.lang.Double)
10:05:23.793 [main] INFO  o.s.w.s.m.m.a.RequestMappingHandlerMapping - [register,547] - Mapped "{[/callmicroservice/multiFaceDetection],methods=[POST || GET]}" onto public com.eyecool.service.web.model.ResultMsg com.eyecool.service.web.controller.WebController.multiFaceDetection(java.lang.String)
10:05:23.794 [main] INFO  o.s.w.s.m.m.a.RequestMappingHandlerMapping - [register,547] - Mapped "{[/callmicroservice/fingerExteaction],methods=[POST || GET]}" onto public com.eyecool.service.web.model.ResultMsg com.eyecool.service.web.controller.WebController.fingerExteaction(java.lang.String)
10:05:23.794 [main] INFO  o.s.w.s.m.m.a.RequestMappingHandlerMapping - [register,547] - Mapped "{[/callmicroservice/fingerMatch],methods=[POST || GET]}" onto public com.eyecool.service.web.model.ResultMsg com.eyecool.service.web.controller.WebController.fingerMatch(java.util.List<java.lang.String>)
10:05:23.795 [main] INFO  o.s.w.s.m.m.a.RequestMappingHandlerMapping - [register,547] - Mapped "{[/callmicroservice/fingerMiniSearch],methods=[POST || GET]}" onto public com.eyecool.service.web.model.ResultMsg com.eyecool.service.web.controller.WebController.fingerMiniSearch(java.lang.String,java.lang.String,java.lang.Double,java.lang.Integer)
10:05:23.795 [main] INFO  o.s.w.s.m.m.a.RequestMappingHandlerMapping - [register,547] - Mapped "{[/callmicroservice/extractIrisFeature],methods=[POST || GET]}" onto public com.eyecool.service.web.model.ResultMsg com.eyecool.service.web.controller.WebController.extractIrisFeature(java.lang.String)
10:05:23.796 [main] INFO  o.s.w.s.m.m.a.RequestMappingHandlerMapping - [register,547] - Mapped "{[/callmicroservice/irisMatch],methods=[POST || GET]}" onto public com.eyecool.service.web.model.ResultMsg com.eyecool.service.web.controller.WebController.irisMatch(java.util.List<java.lang.String>)
10:05:23.797 [main] INFO  o.s.w.s.m.m.a.RequestMappingHandlerMapping - [register,547] - Mapped "{[/callmicroservice/irisMiniSearch],methods=[POST || GET]}" onto public com.eyecool.service.web.model.ResultMsg com.eyecool.service.web.controller.WebController.irisMiniSearch(java.lang.String,java.lang.String,java.lang.String,java.lang.Double,java.lang.Integer)
10:05:23.797 [main] INFO  o.s.w.s.m.m.a.RequestMappingHandlerMapping - [register,547] - Mapped "{[/callmicroservice/faceExteactionJson],methods=[POST || GET]}" onto public com.eyecool.service.web.model.ResultMsg com.eyecool.service.web.controller.WebController.faceExteactionJson(java.lang.String)
10:05:23.797 [main] INFO  o.s.w.s.m.m.a.RequestMappingHandlerMapping - [register,547] - Mapped "{[/callmicroservice/reFaceExteactionJson],methods=[POST || GET]}" onto public com.eyecool.service.web.model.ResultMsg com.eyecool.service.web.controller.WebController.reFaceExteactionJson(java.lang.String)
10:05:23.798 [main] INFO  o.s.w.s.m.m.a.RequestMappingHandlerMapping - [register,547] - Mapped "{[/callmicroservice/faceMatchList],methods=[POST || GET]}" onto public com.eyecool.service.web.model.ResultMsg com.eyecool.service.web.controller.WebController.faceMatchList(java.util.List<java.lang.String>)
10:05:23.798 [main] INFO  o.s.w.s.m.m.a.RequestMappingHandlerMapping - [register,547] - Mapped "{[/callmicroservice/faceImageLivenessDetectionJson],methods=[POST || GET]}" onto public com.eyecool.service.web.model.ResultMsg com.eyecool.service.web.controller.WebController.faceImageLivenessDetectionJson(java.lang.String)
10:05:23.801 [main] INFO  o.s.w.s.m.m.a.RequestMappingHandlerMapping - [register,547] - Mapped "{[/error]}" onto public org.springframework.http.ResponseEntity<java.util.Map<java.lang.String, java.lang.Object>> org.springframework.boot.autoconfigure.web.servlet.error.BasicErrorController.error(javax.servlet.http.HttpServletRequest)
10:05:23.802 [main] INFO  o.s.w.s.m.m.a.RequestMappingHandlerMapping - [register,547] - Mapped "{[/error],produces=[text/html]}" onto public org.springframework.web.servlet.ModelAndView org.springframework.boot.autoconfigure.web.servlet.error.BasicErrorController.errorHtml(javax.servlet.http.HttpServletRequest,javax.servlet.http.HttpServletResponse)
10:05:23.840 [main] INFO  o.s.w.s.h.SimpleUrlHandlerMapping - [registerHandler,373] - Mapped URL path [/webjars/**] onto handler of type [class org.springframework.web.servlet.resource.ResourceHttpRequestHandler]
10:05:23.840 [main] INFO  o.s.w.s.h.SimpleUrlHandlerMapping - [registerHandler,373] - Mapped URL path [/**] onto handler of type [class org.springframework.web.servlet.resource.ResourceHttpRequestHandler]
10:05:24.108 [main] INFO  o.s.j.d.e.EmbeddedDatabaseFactory - [initDatabase,189] - Starting embedded database: url='jdbc:h2:mem:testdb;DB_CLOSE_DELAY=-1;DB_CLOSE_ON_EXIT=false', username='sa'
10:05:24.668 [main] INFO  c.e.s.w.ServiceWebApplication - [onApplicationEvent,52] - init 9801 ssnowAgent ....... 
10:05:24.668 [main] INFO  c.e.a.c.i.IBioFaceMicroServiceImpl - [getMiniMatchService,285] - LD_LIBRARY_PATH = null
10:05:24.696 [main] INFO  c.t.d.f.AbstractBioFacePoolDriver - [init,101] - Init V100 face alg pool with pool size [4]
10:05:24.712 [main] INFO  c.t.d.DriverManager - [getDriverInfoByLibName,110] - pattern [.*ssnow.*] matched [SsNowAgent], use [interface com.teso.drivers.face.BioFace$LinuxBioSsNowFace] and [class com.teso.drivers.face.BioFace$SsNowFaceAdapter] as driver and adapter
10:05:24.713 [main] INFO  c.t.d.f.BioFaceDriver - [init,165] - driver class is [interface com.teso.drivers.face.BioFace$LinuxBioSsNowFace]
10:05:24.807 [main] INFO  c.e.a.c.i.IBioFaceMicroServiceImpl - [getMiniMatchService,291] - 误识比对算法9801初始化结果[{}]false
10:05:24.811 [main] INFO  c.e.a.c.i.IBioFaceMicroServiceImpl - [getMiniMatchService,295] - 误识比对算法加载的底库目录[{}]/Users/dcmsy/Documents/9801
10:05:24.814 [main] INFO  c.e.f.m.DBBasedFeatureManager - [init,29] - try to init db based feature manager with option [cn.eyecool.fox.minifeaturemng.FeatureManagerOptions@2fd1ad8a]
10:05:24.814 [main] INFO  c.e.f.m.DBBasedFeatureManager - [initInstance,52] - start to init with options port [8776], call stack is 
10:05:24.913 [main] INFO  c.e.f.m.DBBasedFeatureManager - [initInstance,75] - db root dir is [/Users/dcmsy/idea-workspace/eyecool-mirco-service-web/./cached/SsNow_0.0.0.0.features.h2]
10:05:24.942 [main] INFO  c.a.d.p.DruidDataSource - [init,1003] - {dataSource-1} inited
10:05:25.129 [main] INFO  o.s.s.a.ScheduledAnnotationBeanPostProcessor - [finishRegistration,275] - No TaskScheduler/ScheduledExecutorService bean found for scheduled processing
10:05:25.145 [main] INFO  c.e.s.w.SpringbootDemoApplicationTests - [logStarted,59] - Started SpringbootDemoApplicationTests in 5.609 seconds (JVM running for 6.934)
10:05:25.148 [main] INFO  c.e.s.w.r.ApplicationRunnerImpl - [run,27] - =======Face-Service-Web-eyecool  is running=======
10:05:25.338 [Thread-6] INFO  o.s.w.c.s.GenericWebApplicationContext - [doClose,993] - Closing org.springframework.web.context.support.GenericWebApplicationContext@7ceb3185: startup date [Fri Oct 16 10:05:20 CST 2020]; root of context hierarchy
10:05:25.341 [Thread-6] INFO  o.s.j.d.e.EmbeddedDatabaseFactory - [shutdownDatabase,220] - Shutting down embedded database: url='jdbc:h2:mem:testdb;DB_CLOSE_DELAY=-1;DB_CLOSE_ON_EXIT=false'
10:05:41.679 [main] INFO  o.s.b.t.c.SpringBootTestContextBootstrapper - [buildDefaultMergedContextConfiguration,308] - Neither @ContextConfiguration nor @ContextHierarchy found for test class [com.eyecool.service.web.SpringbootDemoApplicationTests], using SpringBootContextLoader
10:05:41.685 [main] INFO  o.s.t.c.s.AbstractContextLoader - [generateDefaultLocations,264] - Could not detect default resource locations for test class [com.eyecool.service.web.SpringbootDemoApplicationTests]: no resource found for suffixes {-context.xml, Context.groovy}.
10:05:41.686 [main] INFO  o.s.t.c.s.AnnotationConfigContextLoaderUtils - [detectDefaultConfigurationClasses,83] - Could not detect default configuration classes for test class [com.eyecool.service.web.SpringbootDemoApplicationTests]: SpringbootDemoApplicationTests does not declare any static, non-private, non-final, nested classes annotated with @Configuration.
10:05:41.803 [main] INFO  o.s.b.t.c.SpringBootTestContextBootstrapper - [getOrFindConfigurationClasses,244] - Found @SpringBootConfiguration com.eyecool.service.web.ServiceWebApplication for test class com.eyecool.service.web.SpringbootDemoApplicationTests
10:05:41.968 [main] INFO  o.s.b.t.c.SpringBootTestContextBootstrapper - [getDefaultTestExecutionListenerClassNames,248] - Loaded default TestExecutionListener class names from location [META-INF/spring.factories]: [org.springframework.boot.test.mock.mockito.MockitoTestExecutionListener, org.springframework.boot.test.mock.mockito.ResetMocksTestExecutionListener, org.springframework.boot.test.autoconfigure.restdocs.RestDocsTestExecutionListener, org.springframework.boot.test.autoconfigure.web.client.MockRestServiceServerResetTestExecutionListener, org.springframework.boot.test.autoconfigure.web.servlet.MockMvcPrintOnlyOnFailureTestExecutionListener, org.springframework.boot.test.autoconfigure.web.servlet.WebDriverTestExecutionListener, org.springframework.test.context.web.ServletTestExecutionListener, org.springframework.test.context.support.DirtiesContextBeforeModesTestExecutionListener, org.springframework.test.context.support.DependencyInjectionTestExecutionListener, org.springframework.test.context.support.DirtiesContextTestExecutionListener, org.springframework.test.context.transaction.TransactionalTestExecutionListener, org.springframework.test.context.jdbc.SqlScriptsTestExecutionListener]
10:05:41.986 [main] INFO  o.s.b.t.c.SpringBootTestContextBootstrapper - [getTestExecutionListeners,177] - Using TestExecutionListeners: [org.springframework.test.context.web.ServletTestExecutionListener@6221a451, org.springframework.test.context.support.DirtiesContextBeforeModesTestExecutionListener@52719fb6, org.springframework.boot.test.mock.mockito.MockitoTestExecutionListener@3012646b, org.springframework.boot.test.autoconfigure.SpringBootDependencyInjectionTestExecutionListener@4a883b15, org.springframework.test.context.support.DirtiesContextTestExecutionListener@25641d39, org.springframework.test.context.transaction.TransactionalTestExecutionListener@7b36aa0c, org.springframework.test.context.jdbc.SqlScriptsTestExecutionListener@5824a83d, org.springframework.boot.test.mock.mockito.ResetMocksTestExecutionListener@537f60bf, org.springframework.boot.test.autoconfigure.restdocs.RestDocsTestExecutionListener@5677323c, org.springframework.boot.test.autoconfigure.web.client.MockRestServiceServerResetTestExecutionListener@18df8434, org.springframework.boot.test.autoconfigure.web.servlet.MockMvcPrintOnlyOnFailureTestExecutionListener@65c7a252, org.springframework.boot.test.autoconfigure.web.servlet.WebDriverTestExecutionListener@4d154ccd]
10:05:42.419 [main] INFO  c.e.s.w.SpringbootDemoApplicationTests - [logStarting,50] - Starting SpringbootDemoApplicationTests on computer.local with PID 13528 (started by dcmsy in /Users/dcmsy/idea-workspace/eyecool-mirco-service-web)
10:05:42.420 [main] INFO  c.e.s.w.SpringbootDemoApplicationTests - [logStartupProfileInfo,659] - No active profile set, falling back to default profiles: default
10:05:42.824 [main] INFO  o.s.w.c.s.GenericWebApplicationContext - [prepareRefresh,590] - Refreshing org.springframework.web.context.support.GenericWebApplicationContext@2d6c53fc: startup date [Fri Oct 16 10:05:42 CST 2020]; root of context hierarchy
10:05:43.557 [main] INFO  o.s.b.f.x.XmlBeanDefinitionReader - [loadBeanDefinitions,316] - Loading XML bean definitions from URL [file:/Users/dcmsy/idea-workspace/eyecool-mirco-service-web/target/classes/minisearch.xml]
10:05:44.228 [main] INFO  c.e.g.a.GrpcServicesBeanFactoryPostProcessor - [postProcessBeanFactory,47] - Trying to enhance bean factory(org.springframework.beans.factory.support.DefaultListableBeanFactory)
10:05:44.230 [main] INFO  c.e.g.a.GrpcServicesBeanFactoryPostProcessor - [postProcessBeanFactory,52] - Enhanced bean factory(org.springframework.beans.factory.support.DefaultListableBeanFactory) for Grpc Client Autowired.
10:05:44.244 [main] INFO  o.s.b.f.a.AutowiredAnnotationBeanPostProcessor - [<init>,154] - JSR-330 'javax.inject.Inject' annotation found and supported for autowiring
10:05:44.685 [main] INFO  c.e.g.a.GrpcServicesBeanFactoryPostProcessor - [getSuggestedValue,91] - grpc settings: cn.eyecool.grpc.autoconfiguration.GrpcServicesConfiguration@358ab600
10:05:45.517 [main] INFO  o.s.w.s.h.SimpleUrlHandlerMapping - [registerHandler,373] - Mapped URL path [/**/favicon.ico] onto handler of type [class org.springframework.web.servlet.resource.ResourceHttpRequestHandler]
10:05:45.738 [main] INFO  o.s.w.s.m.m.a.RequestMappingHandlerAdapter - [initControllerAdviceCache,574] - Looking for @ControllerAdvice: org.springframework.web.context.support.GenericWebApplicationContext@2d6c53fc: startup date [Fri Oct 16 10:05:42 CST 2020]; root of context hierarchy
10:05:45.849 [main] INFO  o.s.w.s.m.m.a.RequestMappingHandlerMapping - [register,547] - Mapped "{[/test/callmicroservice/load],methods=[POST || GET]}" onto public java.util.Map<java.lang.String, java.lang.Object> com.eyecool.service.web.controller.CallMicroserviceController.load()
10:05:45.851 [main] INFO  o.s.w.s.m.m.a.RequestMappingHandlerMapping - [register,547] - Mapped "{[/test/callmicroservice/fingerExteaction],methods=[POST || GET]}" onto public java.util.Map<java.lang.String, java.lang.Object> com.eyecool.service.web.controller.CallMicroserviceController.fingerExteaction()
10:05:45.851 [main] INFO  o.s.w.s.m.m.a.RequestMappingHandlerMapping - [register,547] - Mapped "{[/test/callmicroservice/extractIrisFeature],methods=[POST || GET]}" onto public java.util.Map<java.lang.String, java.lang.Object> com.eyecool.service.web.controller.CallMicroserviceController.extractIrisFeature()
10:05:45.852 [main] INFO  o.s.w.s.m.m.a.RequestMappingHandlerMapping - [register,547] - Mapped "{[/test/callmicroservice/fingerMatch],methods=[POST || GET]}" onto public java.util.Map<java.lang.String, java.lang.Object> com.eyecool.service.web.controller.CallMicroserviceController.fingerMatch()
10:05:45.853 [main] INFO  o.s.w.s.m.m.a.RequestMappingHandlerMapping - [register,547] - Mapped "{[/test/callmicroservice/fingerMiniSearch],methods=[POST || GET]}" onto public java.util.Map<java.lang.String, java.lang.Object> com.eyecool.service.web.controller.CallMicroserviceController.fingerMiniSearch()
10:05:45.853 [main] INFO  o.s.w.s.m.m.a.RequestMappingHandlerMapping - [register,547] - Mapped "{[/test/callmicroservice/irisMatch],methods=[POST || GET]}" onto public java.util.Map<java.lang.String, java.lang.Object> com.eyecool.service.web.controller.CallMicroserviceController.irisMatch()
10:05:45.854 [main] INFO  o.s.w.s.m.m.a.RequestMappingHandlerMapping - [register,547] - Mapped "{[/test/callmicroservice/irisMiniSearch],methods=[POST || GET]}" onto public java.util.Map<java.lang.String, java.lang.Object> com.eyecool.service.web.controller.CallMicroserviceController.irisMiniSearch()
10:05:45.854 [main] INFO  o.s.w.s.m.m.a.RequestMappingHandlerMapping - [register,547] - Mapped "{[/test/callmicroservice/faceExteaction],methods=[POST || GET]}" onto public com.eyecool.abis.callmicroservice.common.FaceExtractResult com.eyecool.service.web.controller.CallMicroserviceController.faceExteaction()
10:05:45.855 [main] INFO  o.s.w.s.m.m.a.RequestMappingHandlerMapping - [register,547] - Mapped "{[/test/callmicroservice/faceMatch],methods=[POST || GET]}" onto public java.util.List<com.eyecool.abis.callmicroservice.common.MatchBean> com.eyecool.service.web.controller.CallMicroserviceController.faceMatch()
10:05:45.855 [main] INFO  o.s.w.s.m.m.a.RequestMappingHandlerMapping - [register,547] - Mapped "{[/test/callmicroservice/faceMiniSearch],methods=[POST || GET]}" onto public java.util.List<com.eyecool.abis.callmicroservice.common.FaceSearchResult> com.eyecool.service.web.controller.CallMicroserviceController.faceMiniSearch()
10:05:45.856 [main] INFO  o.s.w.s.m.m.a.RequestMappingHandlerMapping - [register,547] - Mapped "{[/test/callmicroservice/faceVideoLivenessDetection],methods=[POST || GET]}" onto public boolean com.eyecool.service.web.controller.CallMicroserviceController.faceVideoLivenessDetection()
10:05:45.857 [main] INFO  o.s.w.s.m.m.a.RequestMappingHandlerMapping - [register,547] - Mapped "{[/test/callmicroservice/faceImageLivenessDetection],methods=[POST || GET]}" onto public boolean com.eyecool.service.web.controller.CallMicroserviceController.faceImageLivenessDetection()
10:05:45.858 [main] INFO  o.s.w.s.m.m.a.RequestMappingHandlerMapping - [register,547] - Mapped "{[/test/callmicroservice/multiFaceDetection],methods=[POST || GET]}" onto public int com.eyecool.service.web.controller.CallMicroserviceController.multiFaceDetection()
10:05:45.861 [main] INFO  o.s.w.s.m.m.a.RequestMappingHandlerMapping - [register,547] - Mapped "{[/test/list],methods=[GET]}" onto public java.util.List<java.lang.String> com.eyecool.service.web.controller.TestController.getList()
10:05:45.867 [main] INFO  o.s.w.s.m.m.a.RequestMappingHandlerMapping - [register,547] - Mapped "{[/callmicroservice/fingerExteaction],methods=[POST || GET]}" onto public com.eyecool.service.web.model.ResultMsg com.eyecool.service.web.controller.WebController.fingerExteaction(java.lang.String)
10:05:45.869 [main] INFO  o.s.w.s.m.m.a.RequestMappingHandlerMapping - [register,547] - Mapped "{[/callmicroservice/extractIrisFeature],methods=[POST || GET]}" onto public com.eyecool.service.web.model.ResultMsg com.eyecool.service.web.controller.WebController.extractIrisFeature(java.lang.String)
10:05:45.870 [main] INFO  o.s.w.s.m.m.a.RequestMappingHandlerMapping - [register,547] - Mapped "{[/callmicroservice/fingerMatch],methods=[POST || GET]}" onto public com.eyecool.service.web.model.ResultMsg com.eyecool.service.web.controller.WebController.fingerMatch(java.util.List<java.lang.String>)
10:05:45.870 [main] INFO  o.s.w.s.m.m.a.RequestMappingHandlerMapping - [register,547] - Mapped "{[/callmicroservice/fingerMiniSearch],methods=[POST || GET]}" onto public com.eyecool.service.web.model.ResultMsg com.eyecool.service.web.controller.WebController.fingerMiniSearch(java.lang.String,java.lang.String,java.lang.Double,java.lang.Integer)
10:05:45.870 [main] INFO  o.s.w.s.m.m.a.RequestMappingHandlerMapping - [register,547] - Mapped "{[/callmicroservice/irisMatch],methods=[POST || GET]}" onto public com.eyecool.service.web.model.ResultMsg com.eyecool.service.web.controller.WebController.irisMatch(java.util.List<java.lang.String>)
10:05:45.871 [main] INFO  o.s.w.s.m.m.a.RequestMappingHandlerMapping - [register,547] - Mapped "{[/callmicroservice/irisMiniSearch],methods=[POST || GET]}" onto public com.eyecool.service.web.model.ResultMsg com.eyecool.service.web.controller.WebController.irisMiniSearch(java.lang.String,java.lang.String,java.lang.String,java.lang.Double,java.lang.Integer)
10:05:45.872 [main] INFO  o.s.w.s.m.m.a.RequestMappingHandlerMapping - [register,547] - Mapped "{[/callmicroservice/faceExteactionJson],methods=[POST || GET]}" onto public com.eyecool.service.web.model.ResultMsg com.eyecool.service.web.controller.WebController.faceExteactionJson(java.lang.String)
10:05:45.872 [main] INFO  o.s.w.s.m.m.a.RequestMappingHandlerMapping - [register,547] - Mapped "{[/callmicroservice/reFaceExteactionJson],methods=[POST || GET]}" onto public com.eyecool.service.web.model.ResultMsg com.eyecool.service.web.controller.WebController.reFaceExteactionJson(java.lang.String)
10:05:45.873 [main] INFO  o.s.w.s.m.m.a.RequestMappingHandlerMapping - [register,547] - Mapped "{[/callmicroservice/faceMatchList],methods=[POST || GET]}" onto public com.eyecool.service.web.model.ResultMsg com.eyecool.service.web.controller.WebController.faceMatchList(java.util.List<java.lang.String>)
10:05:45.874 [main] INFO  o.s.w.s.m.m.a.RequestMappingHandlerMapping - [register,547] - Mapped "{[/callmicroservice/faceImageLivenessDetectionJson],methods=[POST || GET]}" onto public com.eyecool.service.web.model.ResultMsg com.eyecool.service.web.controller.WebController.faceImageLivenessDetectionJson(java.lang.String)
10:05:45.875 [main] INFO  o.s.w.s.m.m.a.RequestMappingHandlerMapping - [register,547] - Mapped "{[/callmicroservice/faceExteaction],methods=[POST || GET]}" onto public com.eyecool.service.web.model.ResultMsg com.eyecool.service.web.controller.WebController.faceExteaction(java.lang.String)
10:05:45.876 [main] INFO  o.s.w.s.m.m.a.RequestMappingHandlerMapping - [register,547] - Mapped "{[/callmicroservice/faceMatch],methods=[POST || GET]}" onto public com.eyecool.service.web.model.ResultMsg com.eyecool.service.web.controller.WebController.faceMatch(java.lang.String,java.lang.String)
10:05:45.877 [main] INFO  o.s.w.s.m.m.a.RequestMappingHandlerMapping - [register,547] - Mapped "{[/callmicroservice/faceMiniSearch],methods=[POST || GET]}" onto public com.eyecool.service.web.model.ResultMsg com.eyecool.service.web.controller.WebController.faceMiniSearch(java.lang.String,java.lang.String,java.lang.Double,java.lang.Integer)
10:05:45.878 [main] INFO  o.s.w.s.m.m.a.RequestMappingHandlerMapping - [register,547] - Mapped "{[/callmicroservice/reFaceMiniSearch],methods=[POST || GET]}" onto public com.eyecool.service.web.model.ResultMsg com.eyecool.service.web.controller.WebController.reFaceMiniSearch(java.lang.String,java.lang.String,java.lang.String,java.lang.Double,java.lang.Integer)
10:05:45.878 [main] INFO  o.s.w.s.m.m.a.RequestMappingHandlerMapping - [register,547] - Mapped "{[/callmicroservice/doubleFaceMiniSearch],methods=[POST || GET]}" onto public com.eyecool.service.web.model.ResultMsg com.eyecool.service.web.controller.WebController.doubleFaceMiniSearch(java.lang.String,java.lang.String,java.lang.String,java.lang.Double,java.lang.Integer)
10:05:45.879 [main] INFO  o.s.w.s.m.m.a.RequestMappingHandlerMapping - [register,547] - Mapped "{[/callmicroservice/faceImageLivenessDetection],methods=[POST || GET]}" onto public com.eyecool.service.web.model.ResultMsg com.eyecool.service.web.controller.WebController.faceImageLivenessDetection(java.lang.String,java.lang.Double)
10:05:45.879 [main] INFO  o.s.w.s.m.m.a.RequestMappingHandlerMapping - [register,547] - Mapped "{[/callmicroservice/multiFaceDetection],methods=[POST || GET]}" onto public com.eyecool.service.web.model.ResultMsg com.eyecool.service.web.controller.WebController.multiFaceDetection(java.lang.String)
10:05:45.882 [main] INFO  o.s.w.s.m.m.a.RequestMappingHandlerMapping - [register,547] - Mapped "{[/error]}" onto public org.springframework.http.ResponseEntity<java.util.Map<java.lang.String, java.lang.Object>> org.springframework.boot.autoconfigure.web.servlet.error.BasicErrorController.error(javax.servlet.http.HttpServletRequest)
10:05:45.883 [main] INFO  o.s.w.s.m.m.a.RequestMappingHandlerMapping - [register,547] - Mapped "{[/error],produces=[text/html]}" onto public org.springframework.web.servlet.ModelAndView org.springframework.boot.autoconfigure.web.servlet.error.BasicErrorController.errorHtml(javax.servlet.http.HttpServletRequest,javax.servlet.http.HttpServletResponse)
10:05:45.918 [main] INFO  o.s.w.s.h.SimpleUrlHandlerMapping - [registerHandler,373] - Mapped URL path [/webjars/**] onto handler of type [class org.springframework.web.servlet.resource.ResourceHttpRequestHandler]
10:05:45.918 [main] INFO  o.s.w.s.h.SimpleUrlHandlerMapping - [registerHandler,373] - Mapped URL path [/**] onto handler of type [class org.springframework.web.servlet.resource.ResourceHttpRequestHandler]
10:05:46.215 [main] INFO  o.s.j.d.e.EmbeddedDatabaseFactory - [initDatabase,189] - Starting embedded database: url='jdbc:h2:mem:testdb;DB_CLOSE_DELAY=-1;DB_CLOSE_ON_EXIT=false', username='sa'
10:05:46.650 [main] INFO  c.e.s.w.ServiceWebApplication - [onApplicationEvent,52] - init 9801 ssnowAgent ....... 
10:05:46.650 [main] INFO  c.e.a.c.i.IBioFaceMicroServiceImpl - [getMiniMatchService,285] - LD_LIBRARY_PATH = null
10:05:46.678 [main] INFO  c.t.d.f.AbstractBioFacePoolDriver - [init,101] - Init V100 face alg pool with pool size [4]
10:05:46.692 [main] INFO  c.t.d.DriverManager - [getDriverInfoByLibName,110] - pattern [.*ssnow.*] matched [SsNowAgent], use [interface com.teso.drivers.face.BioFace$LinuxBioSsNowFace] and [class com.teso.drivers.face.BioFace$SsNowFaceAdapter] as driver and adapter
10:05:46.693 [main] INFO  c.t.d.f.BioFaceDriver - [init,165] - driver class is [interface com.teso.drivers.face.BioFace$LinuxBioSsNowFace]
10:05:46.747 [main] INFO  c.e.a.c.i.IBioFaceMicroServiceImpl - [getMiniMatchService,291] - 误识比对算法9801初始化结果[{}]false
10:05:46.750 [main] INFO  c.e.a.c.i.IBioFaceMicroServiceImpl - [getMiniMatchService,295] - 误识比对算法加载的底库目录[{}]/Users/dcmsy/Documents/9801
10:05:46.753 [main] INFO  c.e.f.m.DBBasedFeatureManager - [init,29] - try to init db based feature manager with option [cn.eyecool.fox.minifeaturemng.FeatureManagerOptions@11c88cca]
10:05:46.753 [main] INFO  c.e.f.m.DBBasedFeatureManager - [initInstance,52] - start to init with options port [8776], call stack is 
10:05:46.844 [main] INFO  c.e.f.m.DBBasedFeatureManager - [initInstance,75] - db root dir is [/Users/dcmsy/idea-workspace/eyecool-mirco-service-web/./cached/SsNow_0.0.0.0.features.h2]
10:05:46.869 [main] INFO  c.a.d.p.DruidDataSource - [init,1003] - {dataSource-1} inited
10:05:47.024 [main] INFO  o.s.s.a.ScheduledAnnotationBeanPostProcessor - [finishRegistration,275] - No TaskScheduler/ScheduledExecutorService bean found for scheduled processing
10:05:47.036 [main] INFO  c.e.s.w.SpringbootDemoApplicationTests - [logStarted,59] - Started SpringbootDemoApplicationTests in 5.015 seconds (JVM running for 5.987)
10:05:47.039 [main] INFO  c.e.s.w.r.ApplicationRunnerImpl - [run,27] - =======Face-Service-Web-eyecool  is running=======
10:05:47.195 [Thread-6] INFO  o.s.w.c.s.GenericWebApplicationContext - [doClose,993] - Closing org.springframework.web.context.support.GenericWebApplicationContext@2d6c53fc: startup date [Fri Oct 16 10:05:42 CST 2020]; root of context hierarchy
10:05:47.201 [Thread-6] INFO  o.s.j.d.e.EmbeddedDatabaseFactory - [shutdownDatabase,220] - Shutting down embedded database: url='jdbc:h2:mem:testdb;DB_CLOSE_DELAY=-1;DB_CLOSE_ON_EXIT=false'
