15:55:46.979 [main] INFO  c.e.s.w.ServiceWebApplication - [logStarting,50] - Starting ServiceWebApplication on computer.local with PID 23613 (/Users/dcmsy/idea-workspace/eyecool-mirco-service-web/target/classes started by dcmsy in /Users/dcmsy/idea-workspace/eyecool-mirco-service-web)
15:55:46.994 [main] INFO  c.e.s.w.ServiceWebApplication - [logStartupProfileInfo,659] - No active profile set, falling back to default profiles: default
15:55:47.116 [main] INFO  o.s.b.w.s.c.AnnotationConfigServletWebServerApplicationContext - [prepareRefresh,590] - Refreshing org.springframework.boot.web.servlet.context.AnnotationConfigServletWebServerApplicationContext@5b202a3a: startup date [Thu May 21 15:55:47 CST 2020]; root of context hierarchy
15:55:48.047 [main] INFO  o.s.b.f.x.XmlBeanDefinitionReader - [loadBeanDefinitions,316] - Loading XML bean definitions from URL [file:/Users/dcmsy/idea-workspace/eyecool-mirco-service-web/target/classes/minisearch.xml]
15:55:48.919 [main] INFO  c.e.g.a.GrpcServicesBeanFactoryPostProcessor - [postProcessBeanFactory,47] - Trying to enhance bean factory(org.springframework.beans.factory.support.DefaultListableBeanFactory)
15:55:48.920 [main] INFO  c.e.g.a.GrpcServicesBeanFactoryPostProcessor - [postProcessBeanFactory,52] - Enhanced bean factory(org.springframework.beans.factory.support.DefaultListableBeanFactory) for Grpc Client Autowired.
15:55:48.946 [main] INFO  o.s.b.f.a.AutowiredAnnotationBeanPostProcessor - [<init>,154] - JSR-330 'javax.inject.Inject' annotation found and supported for autowiring
15:55:49.588 [main] INFO  o.s.b.w.e.t.TomcatWebServer - [initialize,91] - Tomcat initialized with port(s): 8800 (http)
15:55:49.734 [localhost-startStop-1] INFO  o.s.w.c.ContextLoader - [prepareWebApplicationContext,285] - Root WebApplicationContext: initialization completed in 2618 ms
15:55:49.928 [localhost-startStop-1] INFO  o.s.b.w.s.ServletRegistrationBean - [addRegistration,185] - Servlet dispatcherServlet mapped to [/]
15:55:49.934 [localhost-startStop-1] INFO  o.s.b.w.s.FilterRegistrationBean - [configure,244] - Mapping filter: 'characterEncodingFilter' to: [/*]
15:55:49.934 [localhost-startStop-1] INFO  o.s.b.w.s.FilterRegistrationBean - [configure,244] - Mapping filter: 'hiddenHttpMethodFilter' to: [/*]
15:55:49.935 [localhost-startStop-1] INFO  o.s.b.w.s.FilterRegistrationBean - [configure,244] - Mapping filter: 'httpPutFormContentFilter' to: [/*]
15:55:49.935 [localhost-startStop-1] INFO  o.s.b.w.s.FilterRegistrationBean - [configure,244] - Mapping filter: 'requestContextFilter' to: [/*]
15:55:49.999 [main] INFO  c.e.g.a.GrpcServicesBeanFactoryPostProcessor - [getSuggestedValue,91] - grpc settings: cn.eyecool.grpc.autoconfiguration.GrpcServicesConfiguration@3976ebfa
15:55:50.639 [main] INFO  o.s.w.s.h.SimpleUrlHandlerMapping - [registerHandler,373] - Mapped URL path [/**/favicon.ico] onto handler of type [class org.springframework.web.servlet.resource.ResourceHttpRequestHandler]
15:55:50.856 [main] INFO  o.s.w.s.m.m.a.RequestMappingHandlerAdapter - [initControllerAdviceCache,574] - Looking for @ControllerAdvice: org.springframework.boot.web.servlet.context.AnnotationConfigServletWebServerApplicationContext@5b202a3a: startup date [Thu May 21 15:55:47 CST 2020]; root of context hierarchy
15:55:50.948 [main] INFO  o.s.w.s.m.m.a.RequestMappingHandlerMapping - [register,547] - Mapped "{[/test/callmicroservice/load],methods=[POST || GET]}" onto public java.util.Map<java.lang.String, java.lang.Object> com.eyecool.service.web.controller.CallMicroserviceController.load()
15:55:50.950 [main] INFO  o.s.w.s.m.m.a.RequestMappingHandlerMapping - [register,547] - Mapped "{[/test/callmicroservice/faceExteaction],methods=[POST || GET]}" onto public com.eyecool.abis.callmicroservice.common.FaceExtractResult com.eyecool.service.web.controller.CallMicroserviceController.faceExteaction()
15:55:50.950 [main] INFO  o.s.w.s.m.m.a.RequestMappingHandlerMapping - [register,547] - Mapped "{[/test/callmicroservice/faceMatch],methods=[POST || GET]}" onto public java.util.List<com.eyecool.abis.callmicroservice.common.MatchBean> com.eyecool.service.web.controller.CallMicroserviceController.faceMatch()
15:55:50.951 [main] INFO  o.s.w.s.m.m.a.RequestMappingHandlerMapping - [register,547] - Mapped "{[/test/callmicroservice/faceMiniSearch],methods=[POST || GET]}" onto public java.util.List<com.eyecool.abis.callmicroservice.common.FaceSearchResult> com.eyecool.service.web.controller.CallMicroserviceController.faceMiniSearch()
15:55:50.951 [main] INFO  o.s.w.s.m.m.a.RequestMappingHandlerMapping - [register,547] - Mapped "{[/test/callmicroservice/faceVideoLivenessDetection],methods=[POST || GET]}" onto public boolean com.eyecool.service.web.controller.CallMicroserviceController.faceVideoLivenessDetection()
15:55:50.951 [main] INFO  o.s.w.s.m.m.a.RequestMappingHandlerMapping - [register,547] - Mapped "{[/test/callmicroservice/faceImageLivenessDetection],methods=[POST || GET]}" onto public boolean com.eyecool.service.web.controller.CallMicroserviceController.faceImageLivenessDetection()
15:55:50.952 [main] INFO  o.s.w.s.m.m.a.RequestMappingHandlerMapping - [register,547] - Mapped "{[/test/callmicroservice/multiFaceDetection],methods=[POST || GET]}" onto public int com.eyecool.service.web.controller.CallMicroserviceController.multiFaceDetection()
15:55:50.952 [main] INFO  o.s.w.s.m.m.a.RequestMappingHandlerMapping - [register,547] - Mapped "{[/test/callmicroservice/fingerExteaction],methods=[POST || GET]}" onto public java.util.Map<java.lang.String, java.lang.Object> com.eyecool.service.web.controller.CallMicroserviceController.fingerExteaction()
15:55:50.952 [main] INFO  o.s.w.s.m.m.a.RequestMappingHandlerMapping - [register,547] - Mapped "{[/test/callmicroservice/fingerMatch],methods=[POST || GET]}" onto public java.util.Map<java.lang.String, java.lang.Object> com.eyecool.service.web.controller.CallMicroserviceController.fingerMatch()
15:55:50.953 [main] INFO  o.s.w.s.m.m.a.RequestMappingHandlerMapping - [register,547] - Mapped "{[/test/callmicroservice/irisMatch],methods=[POST || GET]}" onto public java.util.Map<java.lang.String, java.lang.Object> com.eyecool.service.web.controller.CallMicroserviceController.irisMatch()
15:55:50.953 [main] INFO  o.s.w.s.m.m.a.RequestMappingHandlerMapping - [register,547] - Mapped "{[/test/callmicroservice/fingerMiniSearch],methods=[POST || GET]}" onto public java.util.Map<java.lang.String, java.lang.Object> com.eyecool.service.web.controller.CallMicroserviceController.fingerMiniSearch()
15:55:50.954 [main] INFO  o.s.w.s.m.m.a.RequestMappingHandlerMapping - [register,547] - Mapped "{[/test/callmicroservice/extractIrisFeature],methods=[POST || GET]}" onto public java.util.Map<java.lang.String, java.lang.Object> com.eyecool.service.web.controller.CallMicroserviceController.extractIrisFeature()
15:55:50.954 [main] INFO  o.s.w.s.m.m.a.RequestMappingHandlerMapping - [register,547] - Mapped "{[/test/callmicroservice/irisMiniSearch],methods=[POST || GET]}" onto public java.util.Map<java.lang.String, java.lang.Object> com.eyecool.service.web.controller.CallMicroserviceController.irisMiniSearch()
15:55:50.957 [main] INFO  o.s.w.s.m.m.a.RequestMappingHandlerMapping - [register,547] - Mapped "{[/test/list],methods=[GET]}" onto public java.util.List<java.lang.String> com.eyecool.service.web.controller.TestController.getList()
15:55:50.965 [main] INFO  o.s.w.s.m.m.a.RequestMappingHandlerMapping - [register,547] - Mapped "{[/callmicroservice/faceExteaction],methods=[POST || GET]}" onto public com.eyecool.service.web.model.ResultMsg com.eyecool.service.web.controller.WebController.faceExteaction(java.lang.String)
15:55:50.967 [main] INFO  o.s.w.s.m.m.a.RequestMappingHandlerMapping - [register,547] - Mapped "{[/callmicroservice/faceMatch],methods=[POST || GET]}" onto public com.eyecool.service.web.model.ResultMsg com.eyecool.service.web.controller.WebController.faceMatch(java.lang.String,java.lang.String)
15:55:50.968 [main] INFO  o.s.w.s.m.m.a.RequestMappingHandlerMapping - [register,547] - Mapped "{[/callmicroservice/faceMiniSearch],methods=[POST || GET]}" onto public com.eyecool.service.web.model.ResultMsg com.eyecool.service.web.controller.WebController.faceMiniSearch(java.lang.String,java.lang.String,java.lang.Double,java.lang.Integer)
15:55:50.968 [main] INFO  o.s.w.s.m.m.a.RequestMappingHandlerMapping - [register,547] - Mapped "{[/callmicroservice/faceImageLivenessDetection],methods=[POST || GET]}" onto public com.eyecool.service.web.model.ResultMsg com.eyecool.service.web.controller.WebController.faceImageLivenessDetection(java.lang.String,java.lang.Double)
15:55:50.969 [main] INFO  o.s.w.s.m.m.a.RequestMappingHandlerMapping - [register,547] - Mapped "{[/callmicroservice/multiFaceDetection],methods=[POST || GET]}" onto public com.eyecool.service.web.model.ResultMsg com.eyecool.service.web.controller.WebController.multiFaceDetection(java.lang.String)
15:55:50.969 [main] INFO  o.s.w.s.m.m.a.RequestMappingHandlerMapping - [register,547] - Mapped "{[/callmicroservice/fingerExteaction],methods=[POST || GET]}" onto public com.eyecool.service.web.model.ResultMsg com.eyecool.service.web.controller.WebController.fingerExteaction(java.lang.String)
15:55:50.969 [main] INFO  o.s.w.s.m.m.a.RequestMappingHandlerMapping - [register,547] - Mapped "{[/callmicroservice/fingerMatch],methods=[POST || GET]}" onto public com.eyecool.service.web.model.ResultMsg com.eyecool.service.web.controller.WebController.fingerMatch(java.util.List<java.lang.String>)
15:55:50.970 [main] INFO  o.s.w.s.m.m.a.RequestMappingHandlerMapping - [register,547] - Mapped "{[/callmicroservice/irisMatch],methods=[POST || GET]}" onto public com.eyecool.service.web.model.ResultMsg com.eyecool.service.web.controller.WebController.irisMatch(java.util.List<java.lang.String>)
15:55:50.970 [main] INFO  o.s.w.s.m.m.a.RequestMappingHandlerMapping - [register,547] - Mapped "{[/callmicroservice/fingerMiniSearch],methods=[POST || GET]}" onto public com.eyecool.service.web.model.ResultMsg com.eyecool.service.web.controller.WebController.fingerMiniSearch(java.lang.String,java.lang.String,java.lang.Double,java.lang.Integer)
15:55:50.971 [main] INFO  o.s.w.s.m.m.a.RequestMappingHandlerMapping - [register,547] - Mapped "{[/callmicroservice/extractIrisFeature],methods=[POST || GET]}" onto public com.eyecool.service.web.model.ResultMsg com.eyecool.service.web.controller.WebController.extractIrisFeature(java.lang.String)
15:55:50.971 [main] INFO  o.s.w.s.m.m.a.RequestMappingHandlerMapping - [register,547] - Mapped "{[/callmicroservice/irisMiniSearch],methods=[POST || GET]}" onto public com.eyecool.service.web.model.ResultMsg com.eyecool.service.web.controller.WebController.irisMiniSearch(java.lang.String,java.lang.String,java.lang.String,java.lang.Double,java.lang.Integer)
15:55:50.972 [main] INFO  o.s.w.s.m.m.a.RequestMappingHandlerMapping - [register,547] - Mapped "{[/callmicroservice/faceMatchList],methods=[POST || GET]}" onto public com.eyecool.service.web.model.ResultMsg com.eyecool.service.web.controller.WebController.faceMatchList(java.util.List<java.lang.String>)
15:55:50.975 [main] INFO  o.s.w.s.m.m.a.RequestMappingHandlerMapping - [register,547] - Mapped "{[/error]}" onto public org.springframework.http.ResponseEntity<java.util.Map<java.lang.String, java.lang.Object>> org.springframework.boot.autoconfigure.web.servlet.error.BasicErrorController.error(javax.servlet.http.HttpServletRequest)
15:55:50.976 [main] INFO  o.s.w.s.m.m.a.RequestMappingHandlerMapping - [register,547] - Mapped "{[/error],produces=[text/html]}" onto public org.springframework.web.servlet.ModelAndView org.springframework.boot.autoconfigure.web.servlet.error.BasicErrorController.errorHtml(javax.servlet.http.HttpServletRequest,javax.servlet.http.HttpServletResponse)
15:55:51.016 [main] INFO  o.s.w.s.h.SimpleUrlHandlerMapping - [registerHandler,373] - Mapped URL path [/webjars/**] onto handler of type [class org.springframework.web.servlet.resource.ResourceHttpRequestHandler]
15:55:51.016 [main] INFO  o.s.w.s.h.SimpleUrlHandlerMapping - [registerHandler,373] - Mapped URL path [/**] onto handler of type [class org.springframework.web.servlet.resource.ResourceHttpRequestHandler]
15:55:51.347 [main] INFO  o.s.j.e.a.AnnotationMBeanExporter - [afterSingletonsInstantiated,433] - Registering beans for JMX exposure on startup
15:55:51.364 [main] INFO  o.s.s.a.ScheduledAnnotationBeanPostProcessor - [finishRegistration,275] - No TaskScheduler/ScheduledExecutorService bean found for scheduled processing
15:55:51.411 [main] INFO  o.s.b.w.e.t.TomcatWebServer - [start,206] - Tomcat started on port(s): 8800 (http) with context path ''
15:55:51.416 [main] INFO  c.e.s.w.ServiceWebApplication - [logStarted,59] - Started ServiceWebApplication in 5.533 seconds (JVM running for 7.043)
15:55:51.418 [main] INFO  c.e.s.w.r.ApplicationRunnerImpl - [run,27] - =======Face-Service-Web-eyecool  is running=======
22:49:40.386 [Thread-15] INFO  o.s.b.w.s.c.AnnotationConfigServletWebServerApplicationContext - [doClose,993] - Closing org.springframework.boot.web.servlet.context.AnnotationConfigServletWebServerApplicationContext@5b202a3a: startup date [Thu May 21 15:55:47 CST 2020]; root of context hierarchy
22:49:40.529 [Thread-15] INFO  o.s.j.e.a.AnnotationMBeanExporter - [destroy,451] - Unregistering JMX-exposed beans on shutdown
